{"C:\\Users\\Leo\\Desktop\\Web\\AirTracker\\Server\\src\\services\\helpers\\geo.js":{"path":"C:\\Users\\Leo\\Desktop\\Web\\AirTracker\\Server\\src\\services\\helpers\\geo.js","statementMap":{"0":{"start":{"line":3,"column":29},"end":{"line":3,"column":84}},"1":{"start":{"line":5,"column":0},"end":{"line":7,"column":3}},"2":{"start":{"line":8,"column":0},"end":{"line":8,"column":160}},"3":{"start":{"line":10,"column":19},"end":{"line":10,"column":80}},"4":{"start":{"line":12,"column":26},"end":{"line":12,"column":101}},"5":{"start":{"line":14,"column":25},"end":{"line":14,"column":99}},"6":{"start":{"line":16,"column":15},"end":{"line":16,"column":41}},"7":{"start":{"line":18,"column":15},"end":{"line":18,"column":41}},"8":{"start":{"line":20,"column":17},"end":{"line":20,"column":40}},"9":{"start":{"line":22,"column":25},"end":{"line":32,"column":1}},"10":{"start":{"line":23,"column":10},"end":{"line":23,"column":33}},"11":{"start":{"line":24,"column":13},"end":{"line":24,"column":33}},"12":{"start":{"line":26,"column":13},"end":{"line":26,"column":33}},"13":{"start":{"line":27,"column":10},"end":{"line":27,"column":143}},"14":{"start":{"line":28,"column":10},"end":{"line":28,"column":56}},"15":{"start":{"line":29,"column":10},"end":{"line":29,"column":15}},"16":{"start":{"line":31,"column":2},"end":{"line":31,"column":11}},"17":{"start":{"line":34,"column":0},"end":{"line":34,"column":48}},"18":{"start":{"line":37,"column":2},"end":{"line":37,"column":31}},"19":{"start":{"line":40,"column":46},"end":{"line":122,"column":3}},"20":{"start":{"line":41,"column":13},"end":{"line":117,"column":5}},"21":{"start":{"line":43,"column":4},"end":{"line":116,"column":16}},"22":{"start":{"line":44,"column":6},"end":{"line":115,"column":7}},"23":{"start":{"line":45,"column":8},"end":{"line":114,"column":9}},"24":{"start":{"line":47,"column":12},"end":{"line":47,"column":27}},"25":{"start":{"line":48,"column":12},"end":{"line":52,"column":14}},"26":{"start":{"line":53,"column":12},"end":{"line":53,"column":37}},"27":{"start":{"line":54,"column":12},"end":{"line":54,"column":18}},"28":{"start":{"line":57,"column":12},"end":{"line":60,"column":13}},"29":{"start":{"line":58,"column":14},"end":{"line":58,"column":33}},"30":{"start":{"line":59,"column":14},"end":{"line":59,"column":20}},"31":{"start":{"line":62,"column":12},"end":{"line":72,"column":14}},"32":{"start":{"line":73,"column":12},"end":{"line":73,"column":30}},"33":{"start":{"line":74,"column":12},"end":{"line":74,"column":61}},"34":{"start":{"line":77,"column":12},"end":{"line":77,"column":44}},"35":{"start":{"line":79,"column":12},"end":{"line":83,"column":13}},"36":{"start":{"line":80,"column":14},"end":{"line":82,"column":15}},"37":{"start":{"line":81,"column":16},"end":{"line":81,"column":88}},"38":{"start":{"line":85,"column":12},"end":{"line":88,"column":13}},"39":{"start":{"line":86,"column":14},"end":{"line":86,"column":33}},"40":{"start":{"line":87,"column":14},"end":{"line":87,"column":20}},"41":{"start":{"line":90,"column":12},"end":{"line":90,"column":48}},"42":{"start":{"line":93,"column":12},"end":{"line":93,"column":16}},"43":{"start":{"line":94,"column":12},"end":{"line":94,"column":30}},"44":{"start":{"line":95,"column":12},"end":{"line":95,"column":18}},"45":{"start":{"line":98,"column":12},"end":{"line":98,"column":83}},"46":{"start":{"line":100,"column":12},"end":{"line":108,"column":15}},"47":{"start":{"line":101,"column":31},"end":{"line":101,"column":95}},"48":{"start":{"line":102,"column":29},"end":{"line":102,"column":89}},"49":{"start":{"line":103,"column":27},"end":{"line":103,"column":48}},"50":{"start":{"line":104,"column":31},"end":{"line":104,"column":95}},"51":{"start":{"line":105,"column":29},"end":{"line":105,"column":89}},"52":{"start":{"line":106,"column":27},"end":{"line":106,"column":48}},"53":{"start":{"line":107,"column":14},"end":{"line":107,"column":37}},"54":{"start":{"line":109,"column":12},"end":{"line":109,"column":56}},"55":{"start":{"line":113,"column":12},"end":{"line":113,"column":35}},"56":{"start":{"line":119,"column":2},"end":{"line":121,"column":4}},"57":{"start":{"line":120,"column":4},"end":{"line":120,"column":39}},"58":{"start":{"line":125,"column":0},"end":{"line":125,"column":64}},"59":{"start":{"line":127,"column":39},"end":{"line":195,"column":3}},"60":{"start":{"line":128,"column":14},"end":{"line":190,"column":5}},"61":{"start":{"line":133,"column":17},"end":{"line":133,"column":26}},"62":{"start":{"line":134,"column":4},"end":{"line":189,"column":17}},"63":{"start":{"line":135,"column":6},"end":{"line":188,"column":7}},"64":{"start":{"line":136,"column":8},"end":{"line":187,"column":9}},"65":{"start":{"line":138,"column":12},"end":{"line":138,"column":86}},"66":{"start":{"line":139,"column":12},"end":{"line":139,"column":111}},"67":{"start":{"line":140,"column":12},"end":{"line":182,"column":18}},"68":{"start":{"line":141,"column":26},"end":{"line":177,"column":17}},"69":{"start":{"line":143,"column":16},"end":{"line":176,"column":29}},"70":{"start":{"line":144,"column":18},"end":{"line":175,"column":19}},"71":{"start":{"line":145,"column":20},"end":{"line":174,"column":21}},"72":{"start":{"line":147,"column":24},"end":{"line":147,"column":43}},"73":{"start":{"line":148,"column":24},"end":{"line":148,"column":76}},"74":{"start":{"line":151,"column":24},"end":{"line":151,"column":51}},"75":{"start":{"line":152,"column":24},"end":{"line":152,"column":43}},"76":{"start":{"line":153,"column":24},"end":{"line":156,"column":58}},"77":{"start":{"line":159,"column":24},"end":{"line":159,"column":51}},"78":{"start":{"line":160,"column":24},"end":{"line":162,"column":27}},"79":{"start":{"line":161,"column":26},"end":{"line":161,"column":44}},"80":{"start":{"line":164,"column":24},"end":{"line":164,"column":43}},"81":{"start":{"line":165,"column":24},"end":{"line":165,"column":89}},"82":{"start":{"line":168,"column":24},"end":{"line":168,"column":51}},"83":{"start":{"line":169,"column":24},"end":{"line":169,"column":68}},"84":{"start":{"line":173,"column":24},"end":{"line":173,"column":48}},"85":{"start":{"line":179,"column":14},"end":{"line":181,"column":16}},"86":{"start":{"line":180,"column":16},"end":{"line":180,"column":52}},"87":{"start":{"line":186,"column":12},"end":{"line":186,"column":36}},"88":{"start":{"line":192,"column":2},"end":{"line":194,"column":4}},"89":{"start":{"line":193,"column":4},"end":{"line":193,"column":40}},"90":{"start":{"line":197,"column":0},"end":{"line":197,"column":50}},"91":{"start":{"line":199,"column":25},"end":{"line":246,"column":1}},"92":{"start":{"line":200,"column":18},"end":{"line":200,"column":33}},"93":{"start":{"line":201,"column":17},"end":{"line":201,"column":31}},"94":{"start":{"line":202,"column":2},"end":{"line":245,"column":7}},"95":{"start":{"line":203,"column":16},"end":{"line":240,"column":7}},"96":{"start":{"line":205,"column":6},"end":{"line":239,"column":19}},"97":{"start":{"line":206,"column":8},"end":{"line":238,"column":9}},"98":{"start":{"line":207,"column":10},"end":{"line":237,"column":11}},"99":{"start":{"line":209,"column":14},"end":{"line":209,"column":33}},"100":{"start":{"line":210,"column":14},"end":{"line":217,"column":17}},"101":{"start":{"line":220,"column":14},"end":{"line":220,"column":41}},"102":{"start":{"line":222,"column":14},"end":{"line":225,"column":15}},"103":{"start":{"line":223,"column":16},"end":{"line":223,"column":35}},"104":{"start":{"line":224,"column":16},"end":{"line":224,"column":22}},"105":{"start":{"line":227,"column":14},"end":{"line":227,"column":63}},"106":{"start":{"line":230,"column":14},"end":{"line":230,"column":38}},"107":{"start":{"line":231,"column":14},"end":{"line":231,"column":113}},"108":{"start":{"line":232,"column":14},"end":{"line":232,"column":32}},"109":{"start":{"line":236,"column":14},"end":{"line":236,"column":38}},"110":{"start":{"line":242,"column":4},"end":{"line":244,"column":6}},"111":{"start":{"line":243,"column":6},"end":{"line":243,"column":42}},"112":{"start":{"line":253,"column":0},"end":{"line":253,"column":48}},"113":{"start":{"line":255,"column":37},"end":{"line":326,"column":3}},"114":{"start":{"line":256,"column":14},"end":{"line":321,"column":5}},"115":{"start":{"line":258,"column":4},"end":{"line":320,"column":34}},"116":{"start":{"line":259,"column":6},"end":{"line":319,"column":7}},"117":{"start":{"line":260,"column":8},"end":{"line":318,"column":9}},"118":{"start":{"line":262,"column":12},"end":{"line":262,"column":77}},"119":{"start":{"line":263,"column":12},"end":{"line":263,"column":34}},"120":{"start":{"line":264,"column":12},"end":{"line":264,"column":31}},"121":{"start":{"line":266,"column":12},"end":{"line":275,"column":14}},"122":{"start":{"line":276,"column":12},"end":{"line":288,"column":14}},"123":{"start":{"line":289,"column":12},"end":{"line":289,"column":31}},"124":{"start":{"line":290,"column":12},"end":{"line":290,"column":67}},"125":{"start":{"line":293,"column":12},"end":{"line":293,"column":41}},"126":{"start":{"line":294,"column":12},"end":{"line":303,"column":15}},"127":{"start":{"line":296,"column":14},"end":{"line":296,"column":102}},"128":{"start":{"line":298,"column":14},"end":{"line":302,"column":15}},"129":{"start":{"line":299,"column":16},"end":{"line":301,"column":33}},"130":{"start":{"line":304,"column":12},"end":{"line":304,"column":32}},"131":{"start":{"line":305,"column":12},"end":{"line":305,"column":18}},"132":{"start":{"line":308,"column":12},"end":{"line":308,"column":32}},"133":{"start":{"line":309,"column":12},"end":{"line":309,"column":49}},"134":{"start":{"line":310,"column":12},"end":{"line":310,"column":48}},"135":{"start":{"line":313,"column":12},"end":{"line":313,"column":62}},"136":{"start":{"line":317,"column":12},"end":{"line":317,"column":36}},"137":{"start":{"line":323,"column":2},"end":{"line":325,"column":4}},"138":{"start":{"line":324,"column":4},"end":{"line":324,"column":40}},"139":{"start":{"line":328,"column":0},"end":{"line":328,"column":46}}},"fnMap":{"0":{"name":"computeGeoDistance","decl":{"start":{"line":22,"column":34},"end":{"line":22,"column":52}},"loc":{"start":{"line":22,"column":77},"end":{"line":32,"column":1}},"line":22},"1":{"name":"deg2rad","decl":{"start":{"line":36,"column":9},"end":{"line":36,"column":16}},"loc":{"start":{"line":36,"column":22},"end":{"line":38,"column":1}},"line":36},"2":{"name":"(anonymous_2)","decl":{"start":{"line":40,"column":46},"end":{"line":40,"column":47}},"loc":{"start":{"line":40,"column":58},"end":{"line":122,"column":1}},"line":40},"3":{"name":"_callee","decl":{"start":{"line":41,"column":100},"end":{"line":41,"column":107}},"loc":{"start":{"line":41,"column":134},"end":{"line":117,"column":3}},"line":41},"4":{"name":"_callee$","decl":{"start":{"line":43,"column":49},"end":{"line":43,"column":57}},"loc":{"start":{"line":43,"column":68},"end":{"line":116,"column":5}},"line":43},"5":{"name":"(anonymous_5)","decl":{"start":{"line":100,"column":27},"end":{"line":100,"column":28}},"loc":{"start":{"line":100,"column":43},"end":{"line":108,"column":13}},"line":100},"6":{"name":"findClosestTrackersAndSort","decl":{"start":{"line":119,"column":18},"end":{"line":119,"column":44}},"loc":{"start":{"line":119,"column":54},"end":{"line":121,"column":3}},"line":119},"7":{"name":"(anonymous_7)","decl":{"start":{"line":127,"column":39},"end":{"line":127,"column":40}},"loc":{"start":{"line":127,"column":51},"end":{"line":195,"column":1}},"line":127},"8":{"name":"_callee3","decl":{"start":{"line":128,"column":101},"end":{"line":128,"column":109}},"loc":{"start":{"line":128,"column":117},"end":{"line":190,"column":3}},"line":128},"9":{"name":"_callee3$","decl":{"start":{"line":134,"column":49},"end":{"line":134,"column":58}},"loc":{"start":{"line":134,"column":70},"end":{"line":189,"column":5}},"line":134},"10":{"name":"(anonymous_10)","decl":{"start":{"line":140,"column":72},"end":{"line":140,"column":73}},"loc":{"start":{"line":140,"column":84},"end":{"line":182,"column":13}},"line":140},"11":{"name":"_callee2","decl":{"start":{"line":141,"column":113},"end":{"line":141,"column":121}},"loc":{"start":{"line":141,"column":131},"end":{"line":177,"column":15}},"line":141},"12":{"name":"_callee2$","decl":{"start":{"line":143,"column":61},"end":{"line":143,"column":70}},"loc":{"start":{"line":143,"column":82},"end":{"line":176,"column":17}},"line":143},"13":{"name":"(anonymous_13)","decl":{"start":{"line":160,"column":54},"end":{"line":160,"column":55}},"loc":{"start":{"line":160,"column":67},"end":{"line":162,"column":25}},"line":160},"14":{"name":"(anonymous_14)","decl":{"start":{"line":179,"column":21},"end":{"line":179,"column":22}},"loc":{"start":{"line":179,"column":36},"end":{"line":181,"column":15}},"line":179},"15":{"name":"findClosestTrackers","decl":{"start":{"line":192,"column":18},"end":{"line":192,"column":37}},"loc":{"start":{"line":192,"column":43},"end":{"line":194,"column":3}},"line":192},"16":{"name":"findClosestAirport","decl":{"start":{"line":199,"column":34},"end":{"line":199,"column":52}},"loc":{"start":{"line":199,"column":60},"end":{"line":246,"column":1}},"line":199},"17":{"name":"(anonymous_17)","decl":{"start":{"line":202,"column":35},"end":{"line":202,"column":36}},"loc":{"start":{"line":202,"column":47},"end":{"line":245,"column":3}},"line":202},"18":{"name":"_callee4","decl":{"start":{"line":203,"column":103},"end":{"line":203,"column":111}},"loc":{"start":{"line":203,"column":121},"end":{"line":240,"column":5}},"line":203},"19":{"name":"_callee4$","decl":{"start":{"line":205,"column":51},"end":{"line":205,"column":60}},"loc":{"start":{"line":205,"column":72},"end":{"line":239,"column":7}},"line":205},"20":{"name":"(anonymous_20)","decl":{"start":{"line":242,"column":11},"end":{"line":242,"column":12}},"loc":{"start":{"line":242,"column":26},"end":{"line":244,"column":5}},"line":242},"21":{"name":"(anonymous_21)","decl":{"start":{"line":255,"column":37},"end":{"line":255,"column":38}},"loc":{"start":{"line":255,"column":49},"end":{"line":326,"column":1}},"line":255},"22":{"name":"_callee5","decl":{"start":{"line":256,"column":101},"end":{"line":256,"column":109}},"loc":{"start":{"line":256,"column":122},"end":{"line":321,"column":3}},"line":256},"23":{"name":"_callee5$","decl":{"start":{"line":258,"column":49},"end":{"line":258,"column":58}},"loc":{"start":{"line":258,"column":70},"end":{"line":320,"column":5}},"line":258},"24":{"name":"(anonymous_24)","decl":{"start":{"line":294,"column":32},"end":{"line":294,"column":33}},"loc":{"start":{"line":294,"column":51},"end":{"line":303,"column":13}},"line":294},"25":{"name":"getClosestAirport","decl":{"start":{"line":323,"column":18},"end":{"line":323,"column":35}},"loc":{"start":{"line":323,"column":41},"end":{"line":325,"column":3}},"line":323}},"branchMap":{"0":{"loc":{"start":{"line":45,"column":8},"end":{"line":114,"column":9}},"type":"switch","locations":[{"start":{"line":46,"column":10},"end":{"line":54,"column":18}},{"start":{"line":56,"column":10},"end":{"line":74,"column":61}},{"start":{"line":76,"column":10},"end":{"line":90,"column":48}},{"start":{"line":92,"column":10},"end":{"line":95,"column":18}},{"start":{"line":97,"column":10},"end":{"line":109,"column":56}},{"start":{"line":111,"column":10},"end":{"line":111,"column":18}},{"start":{"line":112,"column":10},"end":{"line":113,"column":35}}],"line":45},"1":{"loc":{"start":{"line":57,"column":12},"end":{"line":60,"column":13}},"type":"if","locations":[{"start":{"line":57,"column":12},"end":{"line":60,"column":13}},{"start":{"line":57,"column":12},"end":{"line":60,"column":13}}],"line":57},"2":{"loc":{"start":{"line":80,"column":14},"end":{"line":82,"column":15}},"type":"if","locations":[{"start":{"line":80,"column":14},"end":{"line":82,"column":15}},{"start":{"line":80,"column":14},"end":{"line":82,"column":15}}],"line":80},"3":{"loc":{"start":{"line":85,"column":12},"end":{"line":88,"column":13}},"type":"if","locations":[{"start":{"line":85,"column":12},"end":{"line":88,"column":13}},{"start":{"line":85,"column":12},"end":{"line":88,"column":13}}],"line":85},"4":{"loc":{"start":{"line":101,"column":31},"end":{"line":101,"column":95}},"type":"cond-expr","locations":[{"start":{"line":101,"column":65},"end":{"line":101,"column":89}},{"start":{"line":101,"column":92},"end":{"line":101,"column":95}}],"line":101},"5":{"loc":{"start":{"line":102,"column":29},"end":{"line":102,"column":89}},"type":"cond-expr","locations":[{"start":{"line":102,"column":61},"end":{"line":102,"column":83}},{"start":{"line":102,"column":86},"end":{"line":102,"column":89}}],"line":102},"6":{"loc":{"start":{"line":104,"column":31},"end":{"line":104,"column":95}},"type":"cond-expr","locations":[{"start":{"line":104,"column":65},"end":{"line":104,"column":89}},{"start":{"line":104,"column":92},"end":{"line":104,"column":95}}],"line":104},"7":{"loc":{"start":{"line":105,"column":29},"end":{"line":105,"column":89}},"type":"cond-expr","locations":[{"start":{"line":105,"column":61},"end":{"line":105,"column":83}},{"start":{"line":105,"column":86},"end":{"line":105,"column":89}}],"line":105},"8":{"loc":{"start":{"line":136,"column":8},"end":{"line":187,"column":9}},"type":"switch","locations":[{"start":{"line":137,"column":10},"end":{"line":182,"column":18}},{"start":{"line":184,"column":10},"end":{"line":184,"column":17}},{"start":{"line":185,"column":10},"end":{"line":186,"column":36}}],"line":136},"9":{"loc":{"start":{"line":139,"column":29},"end":{"line":139,"column":110}},"type":"cond-expr","locations":[{"start":{"line":139,"column":76},"end":{"line":139,"column":85}},{"start":{"line":139,"column":88},"end":{"line":139,"column":110}}],"line":139},"10":{"loc":{"start":{"line":139,"column":29},"end":{"line":139,"column":73}},"type":"binary-expr","locations":[{"start":{"line":139,"column":29},"end":{"line":139,"column":46}},{"start":{"line":139,"column":50},"end":{"line":139,"column":73}}],"line":139},"11":{"loc":{"start":{"line":145,"column":20},"end":{"line":174,"column":21}},"type":"switch","locations":[{"start":{"line":146,"column":22},"end":{"line":148,"column":76}},{"start":{"line":150,"column":22},"end":{"line":156,"column":58}},{"start":{"line":158,"column":22},"end":{"line":165,"column":89}},{"start":{"line":167,"column":22},"end":{"line":169,"column":68}},{"start":{"line":171,"column":22},"end":{"line":171,"column":30}},{"start":{"line":172,"column":22},"end":{"line":173,"column":48}}],"line":145},"12":{"loc":{"start":{"line":207,"column":10},"end":{"line":237,"column":11}},"type":"switch","locations":[{"start":{"line":208,"column":12},"end":{"line":217,"column":17}},{"start":{"line":219,"column":12},"end":{"line":227,"column":63}},{"start":{"line":229,"column":12},"end":{"line":232,"column":32}},{"start":{"line":234,"column":12},"end":{"line":234,"column":19}},{"start":{"line":235,"column":12},"end":{"line":236,"column":38}}],"line":207},"13":{"loc":{"start":{"line":222,"column":14},"end":{"line":225,"column":15}},"type":"if","locations":[{"start":{"line":222,"column":14},"end":{"line":225,"column":15}},{"start":{"line":222,"column":14},"end":{"line":225,"column":15}}],"line":222},"14":{"loc":{"start":{"line":260,"column":8},"end":{"line":318,"column":9}},"type":"switch","locations":[{"start":{"line":261,"column":10},"end":{"line":290,"column":67}},{"start":{"line":292,"column":10},"end":{"line":305,"column":18}},{"start":{"line":307,"column":10},"end":{"line":310,"column":48}},{"start":{"line":312,"column":10},"end":{"line":313,"column":62}},{"start":{"line":315,"column":10},"end":{"line":315,"column":18}},{"start":{"line":316,"column":10},"end":{"line":317,"column":36}}],"line":260},"15":{"loc":{"start":{"line":298,"column":14},"end":{"line":302,"column":15}},"type":"if","locations":[{"start":{"line":298,"column":14},"end":{"line":302,"column":15}},{"start":{"line":298,"column":14},"end":{"line":302,"column":15}}],"line":298},"16":{"loc":{"start":{"line":298,"column":18},"end":{"line":298,"column":71}},"type":"binary-expr","locations":[{"start":{"line":298,"column":18},"end":{"line":298,"column":33}},{"start":{"line":298,"column":37},"end":{"line":298,"column":71}}],"line":298}},"s":{"0":1,"1":1,"2":1,"3":1,"4":1,"5":1,"6":1,"7":1,"8":1,"9":1,"10":0,"11":0,"12":0,"13":0,"14":0,"15":0,"16":0,"17":1,"18":0,"19":1,"20":1,"21":0,"22":0,"23":0,"24":0,"25":0,"26":0,"27":0,"28":0,"29":0,"30":0,"31":0,"32":0,"33":0,"34":0,"35":0,"36":0,"37":0,"38":0,"39":0,"40":0,"41":0,"42":0,"43":0,"44":0,"45":0,"46":0,"47":0,"48":0,"49":0,"50":0,"51":0,"52":0,"53":0,"54":0,"55":0,"56":1,"57":0,"58":1,"59":1,"60":1,"61":0,"62":0,"63":0,"64":0,"65":0,"66":0,"67":0,"68":0,"69":0,"70":0,"71":0,"72":0,"73":0,"74":0,"75":0,"76":0,"77":0,"78":0,"79":0,"80":0,"81":0,"82":0,"83":0,"84":0,"85":0,"86":0,"87":0,"88":1,"89":0,"90":1,"91":1,"92":0,"93":0,"94":0,"95":0,"96":0,"97":0,"98":0,"99":0,"100":0,"101":0,"102":0,"103":0,"104":0,"105":0,"106":0,"107":0,"108":0,"109":0,"110":0,"111":0,"112":1,"113":1,"114":1,"115":0,"116":0,"117":0,"118":0,"119":0,"120":0,"121":0,"122":0,"123":0,"124":0,"125":0,"126":0,"127":0,"128":0,"129":0,"130":0,"131":0,"132":0,"133":0,"134":0,"135":0,"136":0,"137":1,"138":0,"139":1},"f":{"0":0,"1":0,"2":1,"3":0,"4":0,"5":0,"6":0,"7":1,"8":0,"9":0,"10":0,"11":0,"12":0,"13":0,"14":0,"15":0,"16":0,"17":0,"18":0,"19":0,"20":0,"21":1,"22":0,"23":0,"24":0,"25":0},"b":{"0":[0,0,0,0,0,0,0],"1":[0,0],"2":[0,0],"3":[0,0],"4":[0,0],"5":[0,0],"6":[0,0],"7":[0,0],"8":[0,0,0],"9":[0,0],"10":[0,0],"11":[0,0,0,0,0,0],"12":[0,0,0,0,0],"13":[0,0],"14":[0,0,0,0,0,0],"15":[0,0],"16":[0,0]},"inputSourceMap":{"version":3,"sources":["geo.js"],"names":["computeGeoDistance","lat1","lon1","lat2","lon2","R","EARTH_RADIUS","dLat","deg2rad","dLon","a","Math","sin","cos","c","atan2","sqrt","d","deg","PI","findClosestTrackersAndSort","airports","numberTrackers","cTrackers","fields","_id","from","to","trackersByID","Map","i","length","query","$and","type","$or","trackersQueried","j","has","toString","set","size","values","sort","b","aScoreFrom","indexOf","aScoreTo","aScore","bScoreFrom","bScoreTo","bScore","findClosestTrackers","longitude","latitude","city","NB_TRACKERS","Promise","resolve","tAirports","cAirports","cAirportsIata","map","iataCode","slice","findClosestAirport","$ne","cAirport","distance","getClosestAirport","userIPInfo","closestAirport","name","continent","country","region","bigAirports","forEach","airport","Object","assign","_doc","console","log"],"mappings":";;;;;;;;;;;;;;;AAAA;;AACA;;AAEA;;AAEO,IAAMA,kBAAkB,GAAG,SAArBA,kBAAqB,CAACC,IAAD,EAAOC,IAAP,EAAaC,IAAb,EAAmBC,IAAnB,EAA4B;AAC7D,MAAIC,CAAC,GAAGC,uBAAR;AACA,MAAIC,IAAI,GAAGC,OAAO,CAACL,IAAI,GAACF,IAAN,CAAlB,CAF6D,CAE7B;;AAChC,MAAIQ,IAAI,GAAGD,OAAO,CAACJ,IAAI,GAACF,IAAN,CAAlB;AACA,MAAIQ,CAAC,GACJC,IAAI,CAACC,GAAL,CAASL,IAAI,GAAC,CAAd,IAAmBI,IAAI,CAACC,GAAL,CAASL,IAAI,GAAC,CAAd,CAAnB,GACAI,IAAI,CAACE,GAAL,CAASL,OAAO,CAACP,IAAD,CAAhB,IAA0BU,IAAI,CAACE,GAAL,CAASL,OAAO,CAACL,IAAD,CAAhB,CAA1B,GACAQ,IAAI,CAACC,GAAL,CAASH,IAAI,GAAC,CAAd,CADA,GACmBE,IAAI,CAACC,GAAL,CAASH,IAAI,GAAC,CAAd,CAHpB;AAIA,MAAIK,CAAC,GAAG,IAAIH,IAAI,CAACI,KAAL,CAAWJ,IAAI,CAACK,IAAL,CAAUN,CAAV,CAAX,EAAyBC,IAAI,CAACK,IAAL,CAAU,IAAEN,CAAZ,CAAzB,CAAZ;AACA,MAAIO,CAAC,GAAGZ,CAAC,GAAGS,CAAZ,CAT6D,CAS9C;;AACf,SAAOG,CAAP;AACA,CAXM;;;;AAaP,SAAST,OAAT,CAAiBU,GAAjB,EAAsB;AACrB,SAAOA,GAAG,IAAIP,IAAI,CAACQ,EAAL,GAAQ,GAAZ,CAAV;AACA;;AAEM,IAAMC,0BAA0B;AAAA,2FAAG,iBAAMC,QAAN,EAAgBC,cAAhB;AAAA;AAAA;AAAA;AAAA;AAAA;AACrCC,YAAAA,SADqC,GACzB,EADyB;AAGnCC,YAAAA,MAHmC,GAG1B;AAACC,cAAAA,GAAG,EAAE,CAAN;AAASC,cAAAA,IAAI,EAAE,CAAf;AAAkBC,cAAAA,EAAE,EAAE;AAAtB,aAH0B;AAIrCC,YAAAA,YAJqC,GAItB,IAAIC,GAAJ,EAJsB;AAKjCC,YAAAA,CALiC,GAK7B,CAL6B;;AAAA;AAAA,kBAK1BA,CAAC,GAAGT,QAAQ,CAACU,MALa;AAAA;AAAA;AAAA;;AAMxCC,YAAAA,KAAK,GAAG;AAACC,cAAAA,IAAI,EAAE,CAAC;AAACC,gBAAAA,IAAI,EAAE;AAAP,eAAD,EAAa;AAACC,gBAAAA,GAAG,EAAE,CAAC;AAAC,0BAAQd,QAAQ,CAACS,CAAD;AAAjB,iBAAD,EAAwB;AAAC,wBAAMT,QAAQ,CAACS,CAAD;AAAf,iBAAxB;AAAN,eAAb;AAAP,aAAR;AANwC;AAAA,mBAOX,2BAAaE,KAAb,EAAoBR,MAApB,CAPW;;AAAA;AAOpCY,YAAAA,eAPoC;;AASxC,iBAAQC,CAAR,GAAY,CAAZ,EAAeA,CAAC,GAAGD,eAAe,CAACL,MAAnC,EAA2CM,CAAC,EAA5C,EAA+C;AAC9C,kBAAG,CAACT,YAAY,CAACU,GAAb,CAAiBF,eAAe,CAACC,CAAD,CAAf,CAAmBZ,GAAnB,CAAuBc,QAAvB,EAAjB,CAAJ,EAAwD;AACvDX,gBAAAA,YAAY,CAACY,GAAb,CAAiBJ,eAAe,CAACC,CAAD,CAAf,CAAmBZ,GAAnB,CAAuBc,QAAvB,EAAjB,EAAoDH,eAAe,CAACC,CAAD,CAAnE;AACA;AACD;;AAbuC,kBAcrCT,YAAY,CAACa,IAAb,IAAqBnB,cAdgB;AAAA;AAAA;AAAA;;AAAA;;AAAA;AAKLQ,YAAAA,CAAC,EALI;AAAA;AAAA;;AAAA;AAiBzCP,YAAAA,SAAS,uCAAOK,YAAY,CAACc,MAAb,EAAP,CAAT,CAjByC,CAkBzC;;AACAnB,YAAAA,SAAS,CAACoB,IAAV,CAAe,UAACjC,CAAD,EAAIkC,CAAJ,EAAU;AACxB,kBAAIC,UAAU,GAAGxB,QAAQ,CAACyB,OAAT,CAAiBpC,CAAC,CAACgB,IAAnB,MAA6B,CAAC,CAA9B,GAAkCL,QAAQ,CAACyB,OAAT,CAAiBpC,CAAC,CAACgB,IAAnB,CAAlC,GAA6D,GAA9E;AACA,kBAAIqB,QAAQ,GAAK1B,QAAQ,CAACyB,OAAT,CAAiBpC,CAAC,CAACiB,EAAnB,MAA2B,CAAC,CAA5B,GAAgCN,QAAQ,CAACyB,OAAT,CAAiBpC,CAAC,CAACiB,EAAnB,CAAhC,GAAyD,GAA1E;AACA,kBAAIqB,MAAM,GAAGH,UAAU,GAAGE,QAA1B;AAEA,kBAAIE,UAAU,GAAG5B,QAAQ,CAACyB,OAAT,CAAiBF,CAAC,CAAClB,IAAnB,MAA6B,CAAC,CAA9B,GAAkCL,QAAQ,CAACyB,OAAT,CAAiBF,CAAC,CAAClB,IAAnB,CAAlC,GAA6D,GAA9E;AACA,kBAAIwB,QAAQ,GAAK7B,QAAQ,CAACyB,OAAT,CAAiBF,CAAC,CAACjB,EAAnB,MAA2B,CAAC,CAA5B,GAAgCN,QAAQ,CAACyB,OAAT,CAAiBF,CAAC,CAACjB,EAAnB,CAAhC,GAAyD,GAA1E;AACA,kBAAIwB,MAAM,GAAGF,UAAU,GAAGC,QAA1B;AACA,qBAAOF,MAAM,GAAGG,MAAhB;AACA,aATD;AAnByC,6CA8BlC5B,SA9BkC;;AAAA;AAAA;AAAA;AAAA;AAAA;AAAA;AAAA,GAAH;;AAAA,kBAA1BH,0BAA0B;AAAA;AAAA;AAAA,GAAhC,C,CAiCP;;;;;AACO,IAAMgC,mBAAmB;AAAA,4FAAG;AAAA;AAAA;AAAA;AAAA;AAAA;AAAA;AAAA;AAAA;AAAA;AAAOC,YAAAA,SAAP,SAAOA,SAAP,EAAkBC,QAAlB,SAAkBA,QAAlB,EAA4BC,IAA5B,SAA4BA,IAA5B;AAAmCjC,YAAAA,cAAnC,8DAAoDkC,sBAApD;AAAA,8CAC3B,IAAIC,OAAJ;AAAA,wGAAY,kBAAOC,OAAP;AAAA;AAAA;AAAA;AAAA;AAAA;AAAA;AAAA,+BAEI,4CAFJ;;AAAA;AAEdC,wBAAAA,SAFc;AAAA;AAAA,+BAMI,8BAAgB;AAACN,0BAAAA,SAAS,EAATA,SAAD;AAAYC,0BAAAA,QAAQ,EAARA;AAAZ,yBAAhB,EAAuChC,cAAc,GAAG,CAAxD,EAA2DqC,SAA3D,CANJ;;AAAA;AAMdC,wBAAAA,SANc;AAOdC,wBAAAA,aAPc,GAOED,SAAS,CAACE,GAAV,CAAc,UAAApD,CAAC;AAAA,iCAAIA,CAAC,CAACqD,QAAN;AAAA,yBAAf,CAPF,EASlB;;AATkB;AAAA,+BAUI3C,0BAA0B,CAACyC,aAAD,EAAgBvC,cAAhB,CAV9B;;AAAA;AAUdC,wBAAAA,SAVc;AAYlBmC,wBAAAA,OAAO,CAACnC,SAAS,CAACyC,KAAV,CAAgB,CAAhB,EAAmB1C,cAAnB,CAAD,CAAP;;AAZkB;AAAA;AAAA;AAAA;AAAA;AAAA;AAAA,eAAZ;;AAAA;AAAA;AAAA;AAAA,gBAD2B;;AAAA;AAAA;AAAA;AAAA;AAAA;AAAA;AAAA,GAAH;;AAAA,kBAAnB8B,mBAAmB;AAAA;AAAA;AAAA,GAAzB;;;;AAiBA,IAAMa,kBAAkB,GAAG,SAArBA,kBAAqB,QAA2B;AAAA,MAAzBZ,SAAyB,SAAzBA,SAAyB;AAAA,MAAdC,QAAc,SAAdA,QAAc;AAC5D,SAAO,IAAIG,OAAJ;AAAA,8FAAY,kBAAOC,OAAP;AAAA;AAAA;AAAA;AAAA;AAAA;AAAA;AAAA,qBACI,oCAAsB;AAACL,gBAAAA,SAAS,EAATA,SAAD;AAAYC,gBAAAA,QAAQ,EAARA;AAAZ,eAAtB,EAA6C,CAA7C,EAAgD;AAACS,gBAAAA,QAAQ,EAAE;AAACG,kBAAAA,GAAG,EAAE;AAAN;AAAX,eAAhD,CADJ;;AAAA;AACdN,cAAAA,SADc;;AAAA,oBAEfA,SAAS,CAAC7B,MAAV,KAAqB,CAFN;AAAA;AAAA;AAAA;;AAAA,gDAEgB2B,OAAO,CAAC,IAAD,CAFvB;;AAAA;AAGdS,cAAAA,QAHc,GAGHP,SAAS,CAAC,CAAD,CAHN;AAIlBO,cAAAA,QAAQ,CAACC,QAAT,GAAoBpE,kBAAkB,CAACsD,QAAD,EAAWD,SAAX,EAAsBc,QAAQ,CAACb,QAA/B,EAAyCa,QAAQ,CAACd,SAAlD,CAAtC;AACAK,cAAAA,OAAO,CAACS,QAAD,CAAP;;AALkB;AAAA;AAAA;AAAA;AAAA;AAAA;AAAA,KAAZ;;AAAA;AAAA;AAAA;AAAA,MAAP;AAOA,CARM;AAUP;AACA;AACA;AACA;;;;;AACO,IAAME,iBAAiB;AAAA,4FAAG,kBAAOC,UAAP;AAAA;AAAA;AAAA;AAAA;AAAA;AACzBhB,YAAAA,QADyB,GACFgB,UADE,CACzBhB,QADyB,EACfD,SADe,GACFiB,UADE,CACfjB,SADe;AAE5BkB,YAAAA,cAF4B,GAEX,IAFW;AAAA;AAM/B;AACI/C,YAAAA,MAP2B,GAOlB;AAACgD,cAAAA,IAAI,EAAE,CAAP;AAAUC,cAAAA,SAAS,EAAE,CAArB;AAAwBC,cAAAA,OAAO,EAAE,CAAjC;AAAoCC,cAAAA,MAAM,EAAE,CAA5C;AAA+CpB,cAAAA,IAAI,EAAE,CAArD;AAAwDQ,cAAAA,QAAQ,EAAE,CAAlE;AAAqEV,cAAAA,SAAS,EAAE,CAAhF;AAAmFC,cAAAA,QAAQ,EAAE;AAA7F,aAPkB;AAQ3BtB,YAAAA,KAR2B,GAQnB;AAAEC,cAAAA,IAAI,EAAE,CACnB;AAACE,gBAAAA,GAAG,EAAE,CAAC;AAACD,kBAAAA,IAAI,EAAE;AAAP,iBAAD,EAA2B;AAACA,kBAAAA,IAAI,EAAE;AAAP,iBAA3B;AAAN,eADmB,EAEnB;AAAC6B,gBAAAA,QAAQ,EAAC;AAACG,kBAAAA,GAAG,EAAE;AAAN;AAAV,eAFmB;AAAR,aARmB;AAAA;AAAA,mBAaL,iCAAmBlC,KAAnB,EAA0BR,MAA1B,CAbK;;AAAA;AAazBoD,YAAAA,WAbyB;AAe/BA,YAAAA,WAAW,CAACC,OAAZ,CAAoB,UAACC,OAAD,EAAa;AAChC;AACAV,cAAAA,QAAQ,GAAGpE,kBAAkB,CAACsD,QAAD,EAAWD,SAAX,EAAsByB,OAAO,CAACxB,QAA9B,EAAwCwB,OAAO,CAACzB,SAAhD,CAA7B;;AAEA,kBAAG,CAACkB,cAAD,IAAmBH,QAAQ,GAAGG,cAAc,CAACH,QAAhD,EAAyD;AACxDG,gBAAAA,cAAc,GAAGQ,MAAM,CAACC,MAAP,CAAc,EAAd,EAAkB;AAACZ,kBAAAA,QAAQ,EAARA;AAAD,iBAAlB,EAA8BU,OAAO,CAACG,IAAtC,CAAjB;AACA;AACD,aAPD;AAf+B;AAAA;;AAAA;AAAA;AAAA;AAwB/BC,YAAAA,OAAO,CAACC,GAAR,CAAY,QAAZ;;AAxB+B;AAAA,8CA2BzBZ,cA3ByB;;AAAA;AAAA;AAAA;AAAA;AAAA;AAAA;AAAA,GAAH;;AAAA,kBAAjBF,iBAAiB;AAAA;AAAA;AAAA,GAAvB","sourceRoot":"C:\\Users\\Leo\\Desktop\\Web\\AirTracker\\Server\\src\\services\\helpers\\","sourcesContent":["import { listFrequentTrackersAirports, findTrackers } from '../data/tracker';\r\nimport { closestAirports, closestAirportsLocal, airportsWithFilter, closestAirportsFromDb } from '../data/airport';\r\n\r\nimport { NB_TRACKERS, EARTH_RADIUS } from '../constants';\r\n\r\nexport const computeGeoDistance = (lat1, lon1, lat2, lon2) => {\r\n\tlet R = EARTH_RADIUS; \r\n\tlet dLat = deg2rad(lat2-lat1);  // deg2rad below\r\n\tlet dLon = deg2rad(lon2-lon1); \r\n\tlet a = \r\n\t\tMath.sin(dLat/2) * Math.sin(dLat/2) +\r\n\t\tMath.cos(deg2rad(lat1)) * Math.cos(deg2rad(lat2)) * \r\n\t\tMath.sin(dLon/2) * Math.sin(dLon/2); \r\n\tlet c = 2 * Math.atan2(Math.sqrt(a), Math.sqrt(1-a)); \r\n\tlet d = R * c; // Distance in km\r\n\treturn d;\r\n}\r\n\r\nfunction deg2rad(deg) {\r\n\treturn deg * (Math.PI/180)\r\n}\r\n\r\nexport const findClosestTrackersAndSort = async(airports, numberTrackers) =>{\r\n\tlet cTrackers = [];\r\n\tlet query;\r\n\tconst fields = {_id: 1, from: 1, to: 1};\r\n\tlet trackersByID = new Map();\r\n\tfor(let i = 0; i < airports.length; i++){\r\n\t\tquery = {$and: [{type: 'F'},{$or: [{\"from\": airports[i]}, {\"to\": airports[i]}]}]}\r\n\t\tlet trackersQueried  = await findTrackers(query, fields);\r\n\t\t\r\n\t\tfor(let j = 0; j < trackersQueried.length; j++){\r\n\t\t\tif(!trackersByID.has(trackersQueried[j]._id.toString())){\r\n\t\t\t\ttrackersByID.set(trackersQueried[j]._id.toString(), trackersQueried[j]);\r\n\t\t\t}\r\n\t\t}\r\n\t\tif(trackersByID.size >= numberTrackers) break;\r\n\t}\r\n\r\n\tcTrackers = [...trackersByID.values()];\r\n\t//Sort out, based on airports\r\n\tcTrackers.sort((a, b) => {\r\n\t\tlet aScoreFrom = airports.indexOf(a.from) !== -1 ? airports.indexOf(a.from) : 100;\r\n\t\tlet aScoreTo   = airports.indexOf(a.to) !== -1 ? airports.indexOf(a.to) : 100;\r\n\t\tlet aScore = aScoreFrom + aScoreTo;\r\n\r\n\t\tlet bScoreFrom = airports.indexOf(b.from) !== -1 ? airports.indexOf(b.from) : 100;\r\n\t\tlet bScoreTo   = airports.indexOf(b.to) !== -1 ? airports.indexOf(b.to) : 100;\r\n\t\tlet bScore = bScoreFrom + bScoreTo;\r\n\t\treturn aScore - bScore;\r\n\t});\r\n\t\r\n\treturn cTrackers;\r\n};\r\n\r\n//Get the most interesting trackers (closest airports from the user)\r\nexport const findClosestTrackers = async({longitude, latitude, city}, numberTrackers = NB_TRACKERS) => {\r\n\treturn new Promise(async (resolve) => {\r\n\t\t//List all airports used for trackers\r\n\t\tlet tAirports = await listFrequentTrackersAirports();\r\n\r\n\t\t//Then find the closest airports\r\n\t\t//let cAirports = await closestAirports({longitude, latitude}, numberAirports * 2, {iataCode: {$in: tAirports}});\r\n\t\tlet cAirports = await closestAirports({longitude, latitude}, numberTrackers * 2, tAirports);\r\n\t\tlet cAirportsIata = cAirports.map(a => a.iataCode);\r\n\r\n\t\t//Then return trackers with the closest airports\r\n\t\tlet cTrackers = await findClosestTrackersAndSort(cAirportsIata, numberTrackers);\r\n\r\n\t\tresolve(cTrackers.slice(0, numberTrackers));\r\n\t})\r\n};\r\n\r\nexport const findClosestAirport = ({longitude, latitude}) => {\r\n\treturn new Promise(async (resolve) => {\r\n\t\tlet cAirports = await closestAirportsFromDb({longitude, latitude}, 1, {iataCode: {$ne: ''}});\r\n\t\tif(cAirports.length === 0) return resolve(null);\r\n\t\tlet cAirport = cAirports[0];\r\n\t\tcAirport.distance = computeGeoDistance(latitude, longitude, cAirport.latitude, cAirport.longitude);\r\n\t\tresolve(cAirport);\r\n\t});\r\n}\r\n\r\n/**\r\n * Deprecated, use findClosestAirport instead\r\n * @param {*} userIPInfo \r\n */\r\nexport const getClosestAirport = async (userIPInfo) => {\r\n\tconst {latitude, longitude} = userIPInfo;\r\n\tlet closestAirport = null;\r\n\tlet distance;\r\n\r\n\ttry{\r\n\t\t//Retrive airports from the database, only medium and large ones \r\n\t\tlet fields = {name: 1, continent: 1, country: 1, region: 1, city: 1, iataCode: 1, longitude: 1, latitude: 1};\r\n\t\tlet query = { $and: [\r\n\t\t\t{$or: [{type: 'medium_airport'}, {type: 'large_airport'}]}, \r\n\t\t\t{iataCode:{$ne: ''}}\r\n\t\t]};\r\n\r\n\t\tconst bigAirports = await airportsWithFilter(query, fields);\r\n\t\t\r\n\t\tbigAirports.forEach((airport) => {\r\n\t\t\t//Compute distance between user and airports\r\n\t\t\tdistance = computeGeoDistance(latitude, longitude, airport.latitude, airport.longitude);\r\n\r\n\t\t\tif(!closestAirport || distance < closestAirport.distance){\r\n\t\t\t\tclosestAirport = Object.assign({}, {distance}, airport._doc);\r\n\t\t\t}\r\n\t\t});\r\n\t}catch(error){\r\n\t\tconsole.log(\"Error:\", error);\r\n\t}\r\n\r\n\treturn closestAirport;\r\n};\r\n\r\n\r\n"]},"_coverageSchema":"1a1c01bbd47fc00a2c39e90264f33305004495a9","hash":"d4dabb94bbbfbd87daaedc596b34155fdbf3666c","contentHash":"5563a14e8aac4225744e1371e86a1e92bf560604a65a19ce3bab9de62b4a5461"},"C:\\Users\\Leo\\Desktop\\Web\\AirTracker\\Server\\src\\services\\data\\tracker.js":{"path":"C:\\Users\\Leo\\Desktop\\Web\\AirTracker\\Server\\src\\services\\data\\tracker.js","statementMap":{"0":{"start":{"line":3,"column":29},"end":{"line":3,"column":84}},"1":{"start":{"line":5,"column":0},"end":{"line":7,"column":3}},"2":{"start":{"line":8,"column":0},"end":{"line":8,"column":218}},"3":{"start":{"line":10,"column":23},"end":{"line":10,"column":95}},"4":{"start":{"line":12,"column":19},"end":{"line":12,"column":80}},"5":{"start":{"line":14,"column":25},"end":{"line":14,"column":99}},"6":{"start":{"line":16,"column":15},"end":{"line":16,"column":55}},"7":{"start":{"line":18,"column":17},"end":{"line":18,"column":40}},"8":{"start":{"line":20,"column":54},"end":{"line":20,"column":73}},"9":{"start":{"line":20,"column":75},"end":{"line":20,"column":326}},"10":{"start":{"line":20,"column":125},"end":{"line":20,"column":161}},"11":{"start":{"line":20,"column":163},"end":{"line":20,"column":292}},"12":{"start":{"line":20,"column":183},"end":{"line":20,"column":292}},"13":{"start":{"line":20,"column":225},"end":{"line":20,"column":288}},"14":{"start":{"line":20,"column":293},"end":{"line":20,"column":324}},"15":{"start":{"line":20,"column":327},"end":{"line":20,"column":339}},"16":{"start":{"line":22,"column":33},"end":{"line":22,"column":534}},"17":{"start":{"line":22,"column":46},"end":{"line":22,"column":47}},"18":{"start":{"line":22,"column":91},"end":{"line":22,"column":131}},"19":{"start":{"line":22,"column":133},"end":{"line":22,"column":532}},"20":{"start":{"line":22,"column":146},"end":{"line":22,"column":264}},"21":{"start":{"line":22,"column":201},"end":{"line":22,"column":260}},"22":{"start":{"line":22,"column":272},"end":{"line":22,"column":532}},"23":{"start":{"line":22,"column":312},"end":{"line":22,"column":386}},"24":{"start":{"line":22,"column":396},"end":{"line":22,"column":530}},"25":{"start":{"line":22,"column":445},"end":{"line":22,"column":526}},"26":{"start":{"line":22,"column":535},"end":{"line":22,"column":549}},"27":{"start":{"line":24,"column":19},"end":{"line":26,"column":1}},"28":{"start":{"line":25,"column":2},"end":{"line":25,"column":47}},"29":{"start":{"line":28,"column":0},"end":{"line":28,"column":36}},"30":{"start":{"line":30,"column":21},"end":{"line":37,"column":1}},"31":{"start":{"line":31,"column":19},"end":{"line":31,"column":88}},"32":{"start":{"line":32,"column":2},"end":{"line":36,"column":6}},"33":{"start":{"line":39,"column":0},"end":{"line":39,"column":40}},"34":{"start":{"line":41,"column":37},"end":{"line":68,"column":3}},"35":{"start":{"line":42,"column":13},"end":{"line":63,"column":5}},"36":{"start":{"line":44,"column":4},"end":{"line":62,"column":16}},"37":{"start":{"line":45,"column":6},"end":{"line":61,"column":7}},"38":{"start":{"line":46,"column":8},"end":{"line":60,"column":9}},"39":{"start":{"line":48,"column":12},"end":{"line":48,"column":30}},"40":{"start":{"line":49,"column":12},"end":{"line":49,"column":36}},"41":{"start":{"line":52,"column":12},"end":{"line":52,"column":37}},"42":{"start":{"line":53,"column":12},"end":{"line":55,"column":16}},"43":{"start":{"line":54,"column":14},"end":{"line":54,"column":27}},"44":{"start":{"line":59,"column":12},"end":{"line":59,"column":35}},"45":{"start":{"line":65,"column":2},"end":{"line":67,"column":4}},"46":{"start":{"line":66,"column":4},"end":{"line":66,"column":39}},"47":{"start":{"line":70,"column":0},"end":{"line":70,"column":46}},"48":{"start":{"line":72,"column":48},"end":{"line":121,"column":3}},"49":{"start":{"line":73,"column":14},"end":{"line":116,"column":5}},"50":{"start":{"line":75,"column":4},"end":{"line":115,"column":17}},"51":{"start":{"line":76,"column":6},"end":{"line":114,"column":7}},"52":{"start":{"line":77,"column":8},"end":{"line":113,"column":9}},"53":{"start":{"line":79,"column":12},"end":{"line":79,"column":31}},"54":{"start":{"line":80,"column":12},"end":{"line":104,"column":16}},"55":{"start":{"line":107,"column":12},"end":{"line":107,"column":33}},"56":{"start":{"line":108,"column":12},"end":{"line":108,"column":84}},"57":{"start":{"line":112,"column":12},"end":{"line":112,"column":36}},"58":{"start":{"line":118,"column":2},"end":{"line":120,"column":4}},"59":{"start":{"line":119,"column":4},"end":{"line":119,"column":40}},"60":{"start":{"line":123,"column":0},"end":{"line":123,"column":68}},"61":{"start":{"line":125,"column":43},"end":{"line":160,"column":3}},"62":{"start":{"line":126,"column":14},"end":{"line":155,"column":5}},"63":{"start":{"line":127,"column":4},"end":{"line":154,"column":17}},"64":{"start":{"line":128,"column":6},"end":{"line":153,"column":7}},"65":{"start":{"line":129,"column":8},"end":{"line":152,"column":9}},"66":{"start":{"line":131,"column":12},"end":{"line":147,"column":17}},"67":{"start":{"line":151,"column":12},"end":{"line":151,"column":36}},"68":{"start":{"line":157,"column":2},"end":{"line":159,"column":4}},"69":{"start":{"line":158,"column":4},"end":{"line":158,"column":40}},"70":{"start":{"line":162,"column":0},"end":{"line":162,"column":58}},"71":{"start":{"line":164,"column":28},"end":{"line":172,"column":1}},"72":{"start":{"line":165,"column":16},"end":{"line":169,"column":4}},"73":{"start":{"line":171,"column":2},"end":{"line":171,"column":17}},"74":{"start":{"line":174,"column":0},"end":{"line":174,"column":54}},"75":{"start":{"line":176,"column":26},"end":{"line":202,"column":1}},"76":{"start":{"line":177,"column":20},"end":{"line":188,"column":3}},"77":{"start":{"line":178,"column":20},"end":{"line":178,"column":37}},"78":{"start":{"line":179,"column":16},"end":{"line":179,"column":23}},"79":{"start":{"line":182,"column":4},"end":{"line":185,"column":5}},"80":{"start":{"line":183,"column":6},"end":{"line":183,"column":39}},"81":{"start":{"line":184,"column":6},"end":{"line":184,"column":28}},"82":{"start":{"line":187,"column":4},"end":{"line":187,"column":21}},"83":{"start":{"line":190,"column":16},"end":{"line":199,"column":4}},"84":{"start":{"line":201,"column":2},"end":{"line":201,"column":17}},"85":{"start":{"line":204,"column":0},"end":{"line":204,"column":50}}},"fnMap":{"0":{"name":"ownKeys","decl":{"start":{"line":20,"column":9},"end":{"line":20,"column":16}},"loc":{"start":{"line":20,"column":41},"end":{"line":20,"column":341}},"line":20},"1":{"name":"(anonymous_1)","decl":{"start":{"line":20,"column":208},"end":{"line":20,"column":209}},"loc":{"start":{"line":20,"column":223},"end":{"line":20,"column":290}},"line":20},"2":{"name":"_objectSpread","decl":{"start":{"line":22,"column":9},"end":{"line":22,"column":22}},"loc":{"start":{"line":22,"column":31},"end":{"line":22,"column":551}},"line":22},"3":{"name":"(anonymous_3)","decl":{"start":{"line":22,"column":184},"end":{"line":22,"column":185}},"loc":{"start":{"line":22,"column":199},"end":{"line":22,"column":262}},"line":22},"4":{"name":"(anonymous_4)","decl":{"start":{"line":22,"column":428},"end":{"line":22,"column":429}},"loc":{"start":{"line":22,"column":443},"end":{"line":22,"column":528}},"line":22},"5":{"name":"findTrackers","decl":{"start":{"line":24,"column":28},"end":{"line":24,"column":40}},"loc":{"start":{"line":24,"column":57},"end":{"line":26,"column":1}},"line":24},"6":{"name":"randomTrackers","decl":{"start":{"line":30,"column":30},"end":{"line":30,"column":44}},"loc":{"start":{"line":30,"column":47},"end":{"line":37,"column":1}},"line":30},"7":{"name":"(anonymous_7)","decl":{"start":{"line":41,"column":37},"end":{"line":41,"column":38}},"loc":{"start":{"line":41,"column":49},"end":{"line":68,"column":1}},"line":41},"8":{"name":"_callee","decl":{"start":{"line":42,"column":100},"end":{"line":42,"column":107}},"loc":{"start":{"line":42,"column":110},"end":{"line":63,"column":3}},"line":42},"9":{"name":"_callee$","decl":{"start":{"line":44,"column":49},"end":{"line":44,"column":57}},"loc":{"start":{"line":44,"column":68},"end":{"line":62,"column":5}},"line":44},"10":{"name":"(anonymous_10)","decl":{"start":{"line":53,"column":58},"end":{"line":53,"column":59}},"loc":{"start":{"line":53,"column":71},"end":{"line":55,"column":13}},"line":53},"11":{"name":"randomTrackersIDs","decl":{"start":{"line":65,"column":18},"end":{"line":65,"column":35}},"loc":{"start":{"line":65,"column":38},"end":{"line":67,"column":3}},"line":65},"12":{"name":"(anonymous_12)","decl":{"start":{"line":72,"column":48},"end":{"line":72,"column":49}},"loc":{"start":{"line":72,"column":60},"end":{"line":121,"column":1}},"line":72},"13":{"name":"_callee2","decl":{"start":{"line":73,"column":101},"end":{"line":73,"column":109}},"loc":{"start":{"line":73,"column":112},"end":{"line":116,"column":3}},"line":73},"14":{"name":"_callee2$","decl":{"start":{"line":75,"column":49},"end":{"line":75,"column":58}},"loc":{"start":{"line":75,"column":70},"end":{"line":115,"column":5}},"line":75},"15":{"name":"listFrequentTrackersAirports","decl":{"start":{"line":118,"column":18},"end":{"line":118,"column":46}},"loc":{"start":{"line":118,"column":49},"end":{"line":120,"column":3}},"line":118},"16":{"name":"(anonymous_16)","decl":{"start":{"line":125,"column":43},"end":{"line":125,"column":44}},"loc":{"start":{"line":125,"column":55},"end":{"line":160,"column":1}},"line":125},"17":{"name":"_callee3","decl":{"start":{"line":126,"column":101},"end":{"line":126,"column":109}},"loc":{"start":{"line":126,"column":118},"end":{"line":155,"column":3}},"line":126},"18":{"name":"_callee3$","decl":{"start":{"line":127,"column":49},"end":{"line":127,"column":58}},"loc":{"start":{"line":127,"column":70},"end":{"line":154,"column":5}},"line":127},"19":{"name":"aggregateTrackerAirport","decl":{"start":{"line":157,"column":18},"end":{"line":157,"column":41}},"loc":{"start":{"line":157,"column":46},"end":{"line":159,"column":3}},"line":157},"20":{"name":"formatFrequentTracker","decl":{"start":{"line":164,"column":37},"end":{"line":164,"column":58}},"loc":{"start":{"line":164,"column":63},"end":{"line":172,"column":1}},"line":164},"21":{"name":"formatNormalTracker","decl":{"start":{"line":176,"column":35},"end":{"line":176,"column":54}},"loc":{"start":{"line":176,"column":78},"end":{"line":202,"column":1}},"line":176},"22":{"name":"formatDates","decl":{"start":{"line":177,"column":29},"end":{"line":177,"column":40}},"loc":{"start":{"line":177,"column":59},"end":{"line":188,"column":3}},"line":177}},"branchMap":{"0":{"loc":{"start":{"line":20,"column":75},"end":{"line":20,"column":326}},"type":"if","locations":[{"start":{"line":20,"column":75},"end":{"line":20,"column":326}},{"start":{"line":20,"column":75},"end":{"line":20,"column":326}}],"line":20},"1":{"loc":{"start":{"line":20,"column":163},"end":{"line":20,"column":292}},"type":"if","locations":[{"start":{"line":20,"column":163},"end":{"line":20,"column":292}},{"start":{"line":20,"column":163},"end":{"line":20,"column":292}}],"line":20},"2":{"loc":{"start":{"line":22,"column":91},"end":{"line":22,"column":131}},"type":"cond-expr","locations":[{"start":{"line":22,"column":114},"end":{"line":22,"column":126}},{"start":{"line":22,"column":129},"end":{"line":22,"column":131}}],"line":22},"3":{"loc":{"start":{"line":22,"column":133},"end":{"line":22,"column":532}},"type":"if","locations":[{"start":{"line":22,"column":133},"end":{"line":22,"column":532}},{"start":{"line":22,"column":133},"end":{"line":22,"column":532}}],"line":22},"4":{"loc":{"start":{"line":22,"column":272},"end":{"line":22,"column":532}},"type":"if","locations":[{"start":{"line":22,"column":272},"end":{"line":22,"column":532}},{"start":{"line":22,"column":272},"end":{"line":22,"column":532}}],"line":22},"5":{"loc":{"start":{"line":31,"column":19},"end":{"line":31,"column":88}},"type":"cond-expr","locations":[{"start":{"line":31,"column":72},"end":{"line":31,"column":84}},{"start":{"line":31,"column":87},"end":{"line":31,"column":88}}],"line":31},"6":{"loc":{"start":{"line":31,"column":19},"end":{"line":31,"column":69}},"type":"binary-expr","locations":[{"start":{"line":31,"column":19},"end":{"line":31,"column":39}},{"start":{"line":31,"column":43},"end":{"line":31,"column":69}}],"line":31},"7":{"loc":{"start":{"line":46,"column":8},"end":{"line":60,"column":9}},"type":"switch","locations":[{"start":{"line":47,"column":10},"end":{"line":49,"column":36}},{"start":{"line":51,"column":10},"end":{"line":55,"column":16}},{"start":{"line":57,"column":10},"end":{"line":57,"column":17}},{"start":{"line":58,"column":10},"end":{"line":59,"column":35}}],"line":46},"8":{"loc":{"start":{"line":77,"column":8},"end":{"line":113,"column":9}},"type":"switch","locations":[{"start":{"line":78,"column":10},"end":{"line":104,"column":16}},{"start":{"line":106,"column":10},"end":{"line":108,"column":84}},{"start":{"line":110,"column":10},"end":{"line":110,"column":17}},{"start":{"line":111,"column":10},"end":{"line":112,"column":36}}],"line":77},"9":{"loc":{"start":{"line":108,"column":46},"end":{"line":108,"column":82}},"type":"cond-expr","locations":[{"start":{"line":108,"column":63},"end":{"line":108,"column":75}},{"start":{"line":108,"column":78},"end":{"line":108,"column":82}}],"line":108},"10":{"loc":{"start":{"line":129,"column":8},"end":{"line":152,"column":9}},"type":"switch","locations":[{"start":{"line":130,"column":10},"end":{"line":147,"column":17}},{"start":{"line":149,"column":10},"end":{"line":149,"column":17}},{"start":{"line":150,"column":10},"end":{"line":151,"column":36}}],"line":129},"11":{"loc":{"start":{"line":166,"column":17},"end":{"line":166,"column":72}},"type":"binary-expr","locations":[{"start":{"line":166,"column":17},"end":{"line":166,"column":31}},{"start":{"line":166,"column":35},"end":{"line":166,"column":72}}],"line":166}},"s":{"0":1,"1":1,"2":1,"3":1,"4":1,"5":1,"6":1,"7":1,"8":0,"9":0,"10":0,"11":0,"12":0,"13":0,"14":0,"15":0,"16":0,"17":0,"18":0,"19":0,"20":0,"21":0,"22":0,"23":0,"24":0,"25":0,"26":0,"27":1,"28":0,"29":1,"30":1,"31":0,"32":0,"33":1,"34":1,"35":1,"36":0,"37":0,"38":0,"39":0,"40":0,"41":0,"42":0,"43":0,"44":0,"45":1,"46":0,"47":1,"48":1,"49":1,"50":0,"51":0,"52":0,"53":0,"54":0,"55":0,"56":0,"57":0,"58":1,"59":0,"60":1,"61":1,"62":1,"63":0,"64":0,"65":0,"66":0,"67":0,"68":1,"69":0,"70":1,"71":1,"72":0,"73":0,"74":1,"75":1,"76":0,"77":0,"78":0,"79":0,"80":0,"81":0,"82":0,"83":0,"84":0,"85":1},"f":{"0":0,"1":0,"2":0,"3":0,"4":0,"5":0,"6":0,"7":1,"8":0,"9":0,"10":0,"11":0,"12":1,"13":0,"14":0,"15":0,"16":1,"17":0,"18":0,"19":0,"20":0,"21":0,"22":0},"b":{"0":[0,0],"1":[0,0],"2":[0,0],"3":[0,0],"4":[0,0],"5":[0,0],"6":[0,0],"7":[0,0,0,0],"8":[0,0,0,0],"9":[0,0],"10":[0,0,0],"11":[0,0]},"inputSourceMap":{"version":3,"sources":["tracker.js"],"names":["findTrackers","filter","fields","Tracker","find","randomTrackers","nbTrackers","aggregate","$sample","size","randomTrackersIDs","trackers","map","t","_id","listFrequentTrackersAirports","$match","$and","type","isActive","$group","iataCodesFrom","$addToSet","iataCodesTo","$project","iatas","$setUnion","res","length","aggregateTrackerAirport","$lookup","from","localField","foreignField","as","formatFrequentTracker","tr","tracker","occurrences","FrequentTrackerOccurrences","formatNormalTracker","userId","userEmail","formatDates","dateMin","dateMax","listDates","clone","cDate","tDate","addDays","push","startDates","Date","endDates","isAlertActive","triggerPrice","sources"],"mappings":";;;;;;;;;;;;;;;AAAA;;AACA;;;;;;AAEO,IAAMA,YAAY,GAAG,SAAfA,YAAe,CAACC,MAAD,EAASC,MAAT,EAAoB;AAC/C,SAAOC,iBAAQC,IAAR,CAAaH,MAAb,EAAqBC,MAArB,CAAP;AACA,CAFM;;;;AAIA,IAAMG,cAAc,GAAG,SAAjBA,cAAiB,GAAoB;AAAA,MAAnBC,UAAmB,uEAAN,CAAM;AAC9C,SAAOH,iBAAQI,SAAR,CAAkB,CACrB;AAAEC,IAAAA,OAAO,EAAE;AAAEC,MAAAA,IAAI,EAAEH;AAAR;AAAX,GADqB,CAAlB,CAAP;AAGH,CAJM;;;;AAMA,IAAMI,iBAAiB;AAAA,2FAAG;AAAA;AAAA;AAAA;AAAA;AAAA;AAAA;AAAA,mBACRL,cAAc,EADN;;AAAA;AACzBM,YAAAA,QADyB;AAAA,6CAEtBA,QAAQ,CAACC,GAAT,CAAa,UAAAC,CAAC;AAAA,qBAAIA,CAAC,CAACC,GAAN;AAAA,aAAd,CAFsB;;AAAA;AAAA;AAAA;AAAA;AAAA;AAAA;AAAA,GAAH;;AAAA,kBAAjBJ,iBAAiB;AAAA;AAAA;AAAA,GAAvB;;;;AAKA,IAAMK,4BAA4B;AAAA,4FAAG;AAAA;AAAA;AAAA;AAAA;AAAA;AAAA;AAAA,mBAC3BZ,iBAAQI,SAAR,CAAkB,CACjC;AAAES,cAAAA,MAAM,EAAE;AACTC,gBAAAA,IAAI,EAAE,CACL;AAAEC,kBAAAA,IAAI,EAAG;AAAT,iBADK,EAEL;AAAEC,kBAAAA,QAAQ,EAAE;AAAZ,iBAFK;AADG;AAAV,aADiC,EAOjC;AACCC,cAAAA,MAAM,EAAE;AACPN,gBAAAA,GAAG,EAAE,CADE;AAEPO,gBAAAA,aAAa,EAAE;AAACC,kBAAAA,SAAS,EAAE;AAAZ,iBAFR;AAGPC,gBAAAA,WAAW,EAAE;AAACD,kBAAAA,SAAS,EAAE;AAAZ;AAHN;AADT,aAPiC,EAa/B;AACDE,cAAAA,QAAQ,EAAE;AACTC,gBAAAA,KAAK,EAAE;AAAEC,kBAAAA,SAAS,EAAE,CAAC,gBAAD,EAAmB,cAAnB;AAAb;AADE;AADT,aAb+B,CAAlB,CAD2B;;AAAA;AACvCC,YAAAA,GADuC;AAAA,8CAoBpCA,GAAG,CAACC,MAAJ,GAAa,CAAb,GAAiBD,GAAG,CAAC,CAAD,CAAH,CAAOF,KAAxB,GAAgC,IApBI;;AAAA;AAAA;AAAA;AAAA;AAAA;AAAA;AAAA,GAAH;;AAAA,kBAA5BV,4BAA4B;AAAA;AAAA;AAAA,GAAlC;;;;AAuBA,IAAMc,uBAAuB;AAAA,4FAAG,kBAAO5B,MAAP;AAAA;AAAA;AAAA;AAAA;AAAA,8CAC5BE,iBAAQI,SAAR,CAAkB,CACrB;AAAES,cAAAA,MAAM,EAAGf;AAAX,aADqB,EAErB;AACI6B,cAAAA,OAAO,EAAC;AACNC,gBAAAA,IAAI,EAAE,UADA;AAENC,gBAAAA,UAAU,EAAE,MAFN;AAGNC,gBAAAA,YAAY,EAAE,UAHR;AAINC,gBAAAA,EAAE,EAAE;AAJE;AADZ,aAFqB,EASpB;AACGJ,cAAAA,OAAO,EAAC;AACJC,gBAAAA,IAAI,EAAE,UADF;AAEJC,gBAAAA,UAAU,EAAE,IAFR;AAGJC,gBAAAA,YAAY,EAAE,UAHV;AAIJC,gBAAAA,EAAE,EAAE;AAJA;AADX,aAToB,CAAlB,CAD4B;;AAAA;AAAA;AAAA;AAAA;AAAA;AAAA;AAAA,GAAH;;AAAA,kBAAvBL,uBAAuB;AAAA;AAAA;AAAA,GAA7B;;;;AAqBA,IAAMM,qBAAqB,GAAG,SAAxBA,qBAAwB,CAACC,EAAD,EAAQ;AACzC,MAAIC,OAAO,mCACJD,EADI;AAEPE,IAAAA,WAAW,EAAEF,EAAE,CAACE,WAAH,IAAkBC,qCAFxB;AAGPpB,IAAAA,QAAQ,EAAE,IAHH;AAIPD,IAAAA,IAAI,EAAE;AAJC,IAAX;;AAOA,SAAOmB,OAAP;AACH,CATM;;;;AAWA,IAAMG,mBAAmB,GAAG,SAAtBA,mBAAsB,CAACJ,EAAD,EAAKK,MAAL,EAAaC,SAAb,EAA2B;AAC1D,MAAMC,WAAW,GAAG,SAAdA,WAAc,CAACC,OAAD,EAAUC,OAAV,EAAsB;AACtC,QAAIC,SAAS,GAAG,CAACF,OAAO,CAACG,KAAR,EAAD,CAAhB;AACA,QAAIC,KAAK,GAAGJ,OAAZ;AAAA,QAAqBK,KAArB;;AAEA,WAAMD,KAAK,GAAGH,OAAd,EAAsB;AAClBI,MAAAA,KAAK,GAAGD,KAAK,CAACE,OAAN,CAAc,CAAd,EAAiBH,KAAjB,EAAR;AACAD,MAAAA,SAAS,CAACK,IAAV,CAAeF,KAAf;AACH;;AAED,WAAOH,SAAP;AACH,GAVD;;AAYA,MAAIT,OAAO,mCACJD,EADI;AAEPgB,IAAAA,UAAU,EAAET,WAAW,CAAC,IAAIU,IAAJ,CAASjB,EAAE,CAACgB,UAAH,CAAc,CAAd,CAAT,CAAD,EAA6B,IAAIC,IAAJ,CAASjB,EAAE,CAACgB,UAAH,CAAc,CAAd,CAAT,CAA7B,CAFhB;AAGPE,IAAAA,QAAQ,EAAEX,WAAW,CAAC,IAAIU,IAAJ,CAASjB,EAAE,CAACkB,QAAH,CAAY,CAAZ,CAAT,CAAD,EAA2B,IAAID,IAAJ,CAASjB,EAAE,CAACkB,QAAH,CAAY,CAAZ,CAAT,CAA3B,CAHd;AAIPnC,IAAAA,QAAQ,EAAE,IAJH;AAKPoC,IAAAA,aAAa,EAAE,CAAC,CAACnB,EAAE,CAACoB,YALb;AAMPtC,IAAAA,IAAI,EAAE,GANC;AAOPuB,IAAAA,MAAM,EAANA,MAPO;AAQPC,IAAAA,SAAS,EAATA,SARO;AASPe,IAAAA,OAAO,EAAE,CAAC,kCAAD;AATF,IAAX;;AAYA,SAAOpB,OAAP;AACH,CA1BM","sourceRoot":"C:\\Users\\Leo\\Desktop\\Web\\AirTracker\\Server\\src\\services\\data\\","sourcesContent":["import { Tracker } from '../../database/models/Tracker';\r\nimport { FrequentTrackerOccurrences } from '../constants';\r\n\r\nexport const findTrackers = (filter, fields) => {\r\n\treturn Tracker.find(filter, fields);\r\n};\r\n\r\nexport const randomTrackers = (nbTrackers = 6) => {\r\n    return Tracker.aggregate([\r\n        { $sample: { size: nbTrackers }} \r\n    ]);\r\n}\r\n\r\nexport const randomTrackersIDs = async () => {\r\n    let trackers = await randomTrackers();\r\n    return trackers.map(t => t._id);\r\n}\r\n\r\nexport const listFrequentTrackersAirports = async() => {\r\n\tlet res = await Tracker.aggregate([\r\n\t\t{ $match: { \t\r\n\t\t\t$and: [\r\n\t\t\t\t{ type : \"F\" }, \r\n\t\t\t\t{ isActive: true }\r\n\t\t\t]\r\n\t\t}},\r\n\t\t{\r\n\t\t\t$group: {\r\n\t\t\t\t_id: 0,\r\n\t\t\t\tiataCodesFrom: {$addToSet: \"$from\"},\r\n\t\t\t\tiataCodesTo: {$addToSet: \"$to\"}\r\n\t\t\t}\r\n\t\t},{\r\n\t\t\t$project: {\r\n\t\t\t\tiatas: { $setUnion: [\"$iataCodesFrom\", \"$iataCodesTo\"]}\r\n\t\t\t}\r\n\t\t}\r\n\t]);\r\n\treturn res.length > 0 ? res[0].iatas : null;\r\n}\r\n\r\nexport const aggregateTrackerAirport = async (filter) => {\r\n    return Tracker.aggregate([\r\n        { $match : filter},\r\n        {\r\n            $lookup:{\r\n              from: \"airports\",\r\n              localField: \"from\",\r\n              foreignField: \"iataCode\",\r\n              as: \"airportInfoFrom\"\r\n            }\r\n       },{\r\n            $lookup:{\r\n                from: \"airports\",\r\n                localField: \"to\",\r\n                foreignField: \"iataCode\",\r\n                as: \"airportInfoTo\"\r\n            }\r\n        }\r\n     ]);\r\n} \r\n\r\nexport const formatFrequentTracker = (tr) => {\r\n    let tracker = {\r\n        ...tr,\r\n        occurrences: tr.occurrences || FrequentTrackerOccurrences,\r\n        isActive: true, \r\n        type: 'F'\r\n    }\r\n    \r\n    return tracker;\r\n}\r\n\r\nexport const formatNormalTracker = (tr, userId, userEmail) => {\r\n    const formatDates = (dateMin, dateMax) => {\r\n        let listDates = [dateMin.clone()];\r\n        let cDate = dateMin, tDate;\r\n\r\n        while(cDate < dateMax){\r\n            tDate = cDate.addDays(1).clone();\r\n            listDates.push(tDate);\r\n        }\r\n\r\n        return listDates;\r\n    };\r\n\r\n    let tracker = {\r\n        ...tr,\r\n        startDates: formatDates(new Date(tr.startDates[0]), new Date(tr.startDates[1])),\r\n        endDates: formatDates(new Date(tr.endDates[0]), new Date(tr.endDates[1])),\r\n        isActive: true,  \r\n        isAlertActive: !!tr.triggerPrice, \r\n        type: 'N', \r\n        userId, \r\n        userEmail, \r\n        sources: [\"5dc39bba581d45d4af0f7f5fc46701d2\"], \r\n    };\r\n\r\n    return tracker;\r\n}"]},"_coverageSchema":"1a1c01bbd47fc00a2c39e90264f33305004495a9","hash":"e5bcc9955984f31774428d1bd593ec6a60a1b176","contentHash":"4241e57b85892b22a431b52cc90e92410e34da733b9b815578bb5bf9588cea0a"},"C:\\Users\\Leo\\Desktop\\Web\\AirTracker\\Server\\src\\database\\models\\Tracker.js":{"path":"C:\\Users\\Leo\\Desktop\\Web\\AirTracker\\Server\\src\\database\\models\\Tracker.js","statementMap":{"0":{"start":{"line":3,"column":0},"end":{"line":5,"column":3}},"1":{"start":{"line":6,"column":0},"end":{"line":6,"column":25}},"2":{"start":{"line":8,"column":15},"end":{"line":8,"column":34}},"3":{"start":{"line":11,"column":20},"end":{"line":63,"column":2}},"4":{"start":{"line":27,"column":6},"end":{"line":27,"column":31}},"5":{"start":{"line":33,"column":6},"end":{"line":33,"column":31}},"6":{"start":{"line":51,"column":6},"end":{"line":51,"column":47}},"7":{"start":{"line":57,"column":6},"end":{"line":57,"column":50}},"8":{"start":{"line":64,"column":14},"end":{"line":64,"column":54}},"9":{"start":{"line":65,"column":0},"end":{"line":65,"column":26}}},"fnMap":{"0":{"name":"required","decl":{"start":{"line":26,"column":23},"end":{"line":26,"column":31}},"loc":{"start":{"line":26,"column":34},"end":{"line":28,"column":5}},"line":26},"1":{"name":"required","decl":{"start":{"line":32,"column":23},"end":{"line":32,"column":31}},"loc":{"start":{"line":32,"column":34},"end":{"line":34,"column":5}},"line":32},"2":{"name":"required","decl":{"start":{"line":50,"column":23},"end":{"line":50,"column":31}},"loc":{"start":{"line":50,"column":34},"end":{"line":52,"column":5}},"line":50},"3":{"name":"required","decl":{"start":{"line":56,"column":23},"end":{"line":56,"column":31}},"loc":{"start":{"line":56,"column":34},"end":{"line":58,"column":5}},"line":56}},"branchMap":{"0":{"loc":{"start":{"line":51,"column":13},"end":{"line":51,"column":46}},"type":"binary-expr","locations":[{"start":{"line":51,"column":13},"end":{"line":51,"column":30}},{"start":{"line":51,"column":34},"end":{"line":51,"column":46}}],"line":51},"1":{"loc":{"start":{"line":57,"column":13},"end":{"line":57,"column":49}},"type":"binary-expr","locations":[{"start":{"line":57,"column":13},"end":{"line":57,"column":30}},{"start":{"line":57,"column":34},"end":{"line":57,"column":49}}],"line":57}},"s":{"0":1,"1":1,"2":1,"3":1,"4":0,"5":0,"6":0,"7":0,"8":1,"9":1},"f":{"0":0,"1":0,"2":0,"3":0},"b":{"0":[0,0],"1":[0,0]},"inputSourceMap":{"version":3,"sources":["Tracker.js"],"names":["mongoose","require","trackerSchema","Schema","from","type","String","required","to","isActive","Boolean","startDates","Array","endDates","occurrences","sources","isAlertActive","userEmail","userId","triggerPrice","Number","timestamps","Tracker","model"],"mappings":";;;;;;;AAAA,IAAMA,QAAQ,GAAGC,OAAO,CAAC,UAAD,CAAxB,C,CAEA;;;AACA,IAAMC,aAAa,GAAGF,QAAQ,CAACG,MAAT,CAAgB;AAClCC,EAAAA,IAAI,EAAC;AACDC,IAAAA,IAAI,EAAEC,MADL;AAEDC,IAAAA,QAAQ,EAAE;AAFT,GAD6B;AAKlCC,EAAAA,EAAE,EAAC;AACCH,IAAAA,IAAI,EAAEC,MADP;AAECC,IAAAA,QAAQ,EAAE;AAFX,GAL+B;AASlCE,EAAAA,QAAQ,EAAE;AACNJ,IAAAA,IAAI,EAAEK,OADA;AAENH,IAAAA,QAAQ,EAAE;AAFJ,GATwB;AAalCI,EAAAA,UAAU,EAAE;AACRN,IAAAA,IAAI,EAAEO,KADE;AAERL,IAAAA,QAAQ,EAAE,oBAAU;AAAC,aAAQ,KAAKF,IAAL,KAAc,GAAtB;AAA2B;AAFxC,GAbsB;AAiBlCQ,EAAAA,QAAQ,EAAG;AACPR,IAAAA,IAAI,EAAEO,KADC;AAEPL,IAAAA,QAAQ,EAAE,oBAAU;AAAC,aAAQ,KAAKF,IAAL,KAAc,GAAtB;AAA2B;AAFzC,GAjBuB;;AAsBlC;AACJ;AACA;AACA;AACIA,EAAAA,IAAI,EAAEC,MA1B4B;AA2BlC;AACAQ,EAAAA,WAAW,EAAEF,KA5BqB;AA6BlC;AACAG,EAAAA,OAAO,EAAEH,KA9ByB;AA+BlCI,EAAAA,aAAa,EAAEN,OA/BmB;AAgClC;AACAO,EAAAA,SAAS,EAAE;AACPZ,IAAAA,IAAI,EAAEC,MADC;AAEPC,IAAAA,QAAQ,EAAE,oBAAU;AAAC,aAAO,KAAKF,IAAL,KAAc,GAAd,IAAqB,CAAC,KAAKa,MAAlC;AAAyC;AAFvD,GAjCuB;AAqClCA,EAAAA,MAAM,EAAE;AACJb,IAAAA,IAAI,EAAEC,MADF;AAEJC,IAAAA,QAAQ,EAAE,oBAAU;AAAC,aAAO,KAAKF,IAAL,KAAc,GAAd,IAAqB,CAAC,KAAKY,SAAlC;AAA4C;AAF7D,GArC0B;AAyClCE,EAAAA,YAAY,EAAEC;AAzCoB,CAAhB,EA0CpB;AACEC,EAAAA,UAAU,EAAE;AADd,CA1CoB,CAAtB;AA8CO,IAAMC,OAAO,GAAGtB,QAAQ,CAACuB,KAAT,CAAe,SAAf,EAA0BrB,aAA1B,CAAhB","sourceRoot":"C:\\Users\\Leo\\Desktop\\Web\\AirTracker\\Server\\src\\database\\models\\","sourcesContent":["const mongoose = require('mongoose');\r\n\r\n//Tracker schema\r\nconst trackerSchema = mongoose.Schema({\r\n    from:{\r\n        type: String,\r\n        required: true\r\n    },\r\n    to:{\r\n        type: String,\r\n        required: true\r\n    },\r\n    isActive: {\r\n        type: Boolean,\r\n        required: true\r\n    },\r\n    startDates: {\r\n        type: Array,\r\n        required: function(){return (this.type === 'N')}\r\n    },\r\n    endDates:  {\r\n        type: Array,\r\n        required: function(){return (this.type === 'N')}\r\n    },\r\n\r\n    /**\r\n     * N - Normal, trackers created by users\r\n     * F - Frequent routes - Can only be created by an ADMIN\r\n     */\r\n    type: String,\r\n    //If type is F\r\n    occurrences: Array,\r\n    //Array of sources' ids\r\n    sources: Array,\r\n    isAlertActive: Boolean,\r\n    //If the user is not registered, alert is send to the user email\r\n    userEmail: {\r\n        type: String,\r\n        required: function(){return this.type === 'N' && !this.userId}\r\n    },\r\n    userId: {\r\n        type: String,\r\n        required: function(){return this.type === 'N' && !this.userEmail} \r\n    },\r\n    triggerPrice: Number,\r\n},{\r\n    timestamps: true\r\n});\r\n\r\nexport const Tracker = mongoose.model('Tracker', trackerSchema);\r\n\r\n\r\n\r\n\r\n"]},"_coverageSchema":"1a1c01bbd47fc00a2c39e90264f33305004495a9","hash":"a720c70a25ab01cc1a4b0c01e181925233cbffd3","contentHash":"8ccecc194aca5fd9ce8d4464bb704adb92c2f62d6d1f22c1015b6718600836c0"},"C:\\Users\\Leo\\Desktop\\Web\\AirTracker\\Server\\src\\services\\constants\\index.js":{"path":"C:\\Users\\Leo\\Desktop\\Web\\AirTracker\\Server\\src\\services\\constants\\index.js","statementMap":{"0":{"start":{"line":3,"column":0},"end":{"line":5,"column":3}},"1":{"start":{"line":6,"column":0},"end":{"line":6,"column":166}},"2":{"start":{"line":7,"column":33},"end":{"line":27,"column":2}},"3":{"start":{"line":28,"column":0},"end":{"line":28,"column":64}},"4":{"start":{"line":29,"column":18},"end":{"line":29,"column":19}},"5":{"start":{"line":30,"column":0},"end":{"line":30,"column":34}},"6":{"start":{"line":31,"column":27},"end":{"line":34,"column":1}},"7":{"start":{"line":35,"column":0},"end":{"line":35,"column":52}},"8":{"start":{"line":36,"column":19},"end":{"line":36,"column":23}},"9":{"start":{"line":38,"column":0},"end":{"line":38,"column":36}},"10":{"start":{"line":39,"column":20},"end":{"line":39,"column":72}},"11":{"start":{"line":40,"column":0},"end":{"line":40,"column":38}},"12":{"start":{"line":41,"column":18},"end":{"line":45,"column":1}},"13":{"start":{"line":111,"column":0},"end":{"line":111,"column":34}}},"fnMap":{},"branchMap":{},"s":{"0":1,"1":1,"2":1,"3":1,"4":1,"5":1,"6":1,"7":1,"8":1,"9":1,"10":1,"11":1,"12":1,"13":1},"f":{},"b":{},"inputSourceMap":{"version":3,"sources":["index.js"],"names":["FrequentTrackerOccurrences","interval","length","NB_TRACKERS","NB_TRACKERS_PER_USER","REGISTERED","VISITOR","EARTH_RADIUS","AIRPORT_TYPES","TERMS_TYPES","shortTerm","mediumTerm","longTerm"],"mappings":";;;;;;AAAO,IAAMA,0BAA0B,GAAG,CACtC;AACA;AACA;AAACC,EAAAA,QAAQ,EAAE,IAAX;AAAiBC,EAAAA,MAAM,EAAE;AAAzB,CAHsC,EAItC;AAACD,EAAAA,QAAQ,EAAE,IAAX;AAAiBC,EAAAA,MAAM,EAAE;AAAzB,CAJsC,EAKtC;AACA;AAACD,EAAAA,QAAQ,EAAE,IAAX;AAAiBC,EAAAA,MAAM,EAAE;AAAzB,CANsC,EAOtC;AAACD,EAAAA,QAAQ,EAAE,IAAX;AAAiBC,EAAAA,MAAM,EAAE;AAAzB,CAPsC,EAQtC;AACA;AACA;AAACD,EAAAA,QAAQ,EAAE,IAAX;AAAiBC,EAAAA,MAAM,EAAE;AAAzB,CAVsC,CAAnC;;AAaA,IAAMC,WAAW,GAAG,CAApB;;AACA,IAAMC,oBAAoB,GAAG;AAChCC,EAAAA,UAAU,EAAE,CADoB;AAEhCC,EAAAA,OAAO,EAAE;AAFuB,CAA7B;;AAIA,IAAMC,YAAY,GAAG,IAArB,C,CAA2B;;;AAC3B,IAAMC,aAAa,GAAG,CAAC,gBAAD,EAAmB,eAAnB,EAAoC,eAApC,CAAtB;;AAEA,IAAMC,WAAW,GAAG;AACvBC,EAAAA,SAAS,EAAE,YADY;AAEvBC,EAAAA,UAAU,EAAE,aAFW;AAGvBC,EAAAA,QAAQ,EAAE;AAHa,CAApB;AAKP;AACA;AACA;AACA;AACA;AACA;AACA;AACA;AACA;AACA;;AAEC;AACD;AACA;AACA;AACA;AACA;AACA;AACA;AACA;AACA;AACA;AACA;;AAEC;AACD;AACA;AACA;AACA;AACA;AACA;AACA;AACA;AACA;;AAEE;AACF;AACA;AACA;AACA;AACA;AACA;AACA;AACA;;AAEG;AACH;AACA;AACA;AACA;AACA;AACA;AACA;AACA;AACA;AACA;;AAEI;AACJ;AACA;AACA;AACA;AACA;AACA","sourceRoot":"C:\\Users\\Leo\\Desktop\\Web\\AirTracker\\Server\\src\\services\\constants\\","sourcesContent":["export const FrequentTrackerOccurrences = [\r\n    //Short term travels\r\n    //{interval: '1w', length: '1w'},\r\n    {interval: '2w', length: '1w'},\r\n    {interval: '1m', length: '2w'},\r\n    //Medium term travels\r\n    {interval: '2m', length: '1w'},\r\n    {interval: '4m', length: '2w'},\r\n    //Long term travels\r\n    //{interval: '6m', length: '1w'},\r\n    {interval: '9m', length: '2w'}\r\n];\r\n\r\nexport const NB_TRACKERS = 6;\r\nexport const NB_TRACKERS_PER_USER = {\r\n    REGISTERED: 6,\r\n    VISITOR: 3\r\n};\r\nexport const EARTH_RADIUS = 6371; // Radius of the earth in km\r\nexport const AIRPORT_TYPES = ['medium_airport', 'large_airport', 'multi_airport'];\r\n\r\nexport const TERMS_TYPES = {\r\n    shortTerm: 'short_term',\r\n    mediumTerm: 'medium_term',\r\n    longTerm: 'long_term'\r\n}\r\n/** AUSTRALIA - Local\r\n * Melbourne - Sydney   X\r\n * Brisbane - Sydney    X\r\n * Brisbane - Melbourne X\r\n * Adelaide - Melbourne X\r\n * Melbourne - Perth    X\r\n * Perth - Sydney       X\r\n * Adelaide - Sydney    X\r\n * Hobart - Melbourne   X\r\n */\r\n\r\n /** AUSTRALIA - International\r\n  * Sydney - Los Angeles    X\r\n  * Sydney - London         X\r\n  * Sydney - Paris          X\r\n  * Sydney - Tokyo          X\r\n  * Sydney - Beijing        X\r\n  * Sydney - Hong Kong      X\r\n  * Sydney - Bali           X\r\n  * Sydney - Auckland       X\r\n  * Syndey - Singapore      X\r\n  * Sydney - Rio de Janeiro X\r\n  */\r\n\r\n /** AMERICA\r\n  * New York, Miami, Boston, Chicago, Washington, Dallas, San Francisco, Atlanta, Los Angeles, Seatle, \r\n  * Toronto, Vancouver, Mexico\r\n  * \r\n  * New York - Miami   X\r\n  * Los Angeles - New York  X\r\n  * Los Angeles - San Francisco  X\r\n  * New York - Chicago  X\r\n  * New York - Toronto X\r\n  */\r\n\r\n  /** EUROPE\r\n   * London, Paris, Berlin, Madrid, Rome, Dublin\r\n   * Dublin - London\r\n   * Paris - London X\r\n   * London - Madrid X\r\n   * London - Rome X\r\n   * Paris - Madrid X\r\n   * Paris - Rome X\r\n   */\r\n\r\n   /** ASIA\r\n    * \r\n    * Hong Kong - Taipei X\r\n    * Kuala Lumpur - Singapore X\r\n    * Jakarta - Singapore X\r\n    * Jakarta - Kuala Lumpur X\r\n    * Hong Kong - Shanghai X\r\n    * Hong Kong - Seoul (SEL) not existing\r\n    * Beijing - Hong Kong X\r\n    * Bangkok - Singapore X\r\n    */\r\n\r\n    /** FRANCE\r\n     *  Paris, Marseille, Toulouse, Nice, Lyon\r\n     *  Paris - Toulouse X\r\n     *  Paris - Nice X\r\n     *  Paris - Lyon X\r\n     *  Paris - Marseille X\r\n     */"]},"_coverageSchema":"1a1c01bbd47fc00a2c39e90264f33305004495a9","hash":"5a9cd3de049d9c14e2bfec4916456d7f7982cd3a","contentHash":"da9bbd0d91311a21514dc9e02b204a354bf318ce5d0ff068d305ada0963f1ad9"},"C:\\Users\\Leo\\Desktop\\Web\\AirTracker\\Server\\src\\services\\data\\airport.js":{"path":"C:\\Users\\Leo\\Desktop\\Web\\AirTracker\\Server\\src\\services\\data\\airport.js","statementMap":{"0":{"start":{"line":3,"column":29},"end":{"line":3,"column":84}},"1":{"start":{"line":5,"column":0},"end":{"line":7,"column":3}},"2":{"start":{"line":8,"column":0},"end":{"line":8,"column":58}},"3":{"start":{"line":9,"column":0},"end":{"line":9,"column":185}},"4":{"start":{"line":11,"column":23},"end":{"line":11,"column":95}},"5":{"start":{"line":13,"column":19},"end":{"line":13,"column":80}},"6":{"start":{"line":15,"column":25},"end":{"line":15,"column":99}},"7":{"start":{"line":17,"column":18},"end":{"line":17,"column":73}},"8":{"start":{"line":19,"column":15},"end":{"line":19,"column":55}},"9":{"start":{"line":21,"column":21},"end":{"line":21,"column":59}},"10":{"start":{"line":23,"column":11},"end":{"line":23,"column":36}},"11":{"start":{"line":25,"column":17},"end":{"line":25,"column":40}},"12":{"start":{"line":27,"column":54},"end":{"line":27,"column":73}},"13":{"start":{"line":27,"column":75},"end":{"line":27,"column":326}},"14":{"start":{"line":27,"column":125},"end":{"line":27,"column":161}},"15":{"start":{"line":27,"column":163},"end":{"line":27,"column":292}},"16":{"start":{"line":27,"column":183},"end":{"line":27,"column":292}},"17":{"start":{"line":27,"column":225},"end":{"line":27,"column":288}},"18":{"start":{"line":27,"column":293},"end":{"line":27,"column":324}},"19":{"start":{"line":27,"column":327},"end":{"line":27,"column":339}},"20":{"start":{"line":29,"column":33},"end":{"line":29,"column":534}},"21":{"start":{"line":29,"column":46},"end":{"line":29,"column":47}},"22":{"start":{"line":29,"column":91},"end":{"line":29,"column":131}},"23":{"start":{"line":29,"column":133},"end":{"line":29,"column":532}},"24":{"start":{"line":29,"column":146},"end":{"line":29,"column":264}},"25":{"start":{"line":29,"column":201},"end":{"line":29,"column":260}},"26":{"start":{"line":29,"column":272},"end":{"line":29,"column":532}},"27":{"start":{"line":29,"column":312},"end":{"line":29,"column":386}},"28":{"start":{"line":29,"column":396},"end":{"line":29,"column":530}},"29":{"start":{"line":29,"column":445},"end":{"line":29,"column":526}},"30":{"start":{"line":29,"column":535},"end":{"line":29,"column":549}},"31":{"start":{"line":36,"column":41},"end":{"line":77,"column":3}},"32":{"start":{"line":37,"column":14},"end":{"line":72,"column":5}},"33":{"start":{"line":39,"column":4},"end":{"line":71,"column":16}},"34":{"start":{"line":40,"column":6},"end":{"line":70,"column":7}},"35":{"start":{"line":41,"column":8},"end":{"line":69,"column":9}},"36":{"start":{"line":43,"column":12},"end":{"line":43,"column":65}},"37":{"start":{"line":44,"column":12},"end":{"line":64,"column":38}},"38":{"start":{"line":68,"column":12},"end":{"line":68,"column":35}},"39":{"start":{"line":74,"column":2},"end":{"line":76,"column":4}},"40":{"start":{"line":75,"column":4},"end":{"line":75,"column":40}},"41":{"start":{"line":79,"column":0},"end":{"line":79,"column":54}},"42":{"start":{"line":81,"column":35},"end":{"line":123,"column":3}},"43":{"start":{"line":82,"column":14},"end":{"line":118,"column":5}},"44":{"start":{"line":84,"column":4},"end":{"line":117,"column":17}},"45":{"start":{"line":85,"column":6},"end":{"line":116,"column":7}},"46":{"start":{"line":86,"column":8},"end":{"line":115,"column":9}},"47":{"start":{"line":88,"column":12},"end":{"line":88,"column":67}},"48":{"start":{"line":90,"column":12},"end":{"line":93,"column":13}},"49":{"start":{"line":91,"column":14},"end":{"line":91,"column":33}},"50":{"start":{"line":92,"column":14},"end":{"line":92,"column":20}},"51":{"start":{"line":95,"column":12},"end":{"line":99,"column":14}},"52":{"start":{"line":100,"column":12},"end":{"line":103,"column":40}},"53":{"start":{"line":106,"column":12},"end":{"line":110,"column":41}},"54":{"start":{"line":107,"column":14},"end":{"line":107,"column":56}},"55":{"start":{"line":109,"column":14},"end":{"line":109,"column":173}},"56":{"start":{"line":114,"column":12},"end":{"line":114,"column":36}},"57":{"start":{"line":120,"column":2},"end":{"line":122,"column":4}},"58":{"start":{"line":121,"column":4},"end":{"line":121,"column":40}},"59":{"start":{"line":125,"column":0},"end":{"line":125,"column":42}},"60":{"start":{"line":135,"column":2},"end":{"line":135,"column":29}},"61":{"start":{"line":138,"column":27},"end":{"line":190,"column":1}},"62":{"start":{"line":139,"column":14},"end":{"line":139,"column":83}},"63":{"start":{"line":141,"column":2},"end":{"line":189,"column":7}},"64":{"start":{"line":142,"column":16},"end":{"line":184,"column":7}},"65":{"start":{"line":144,"column":6},"end":{"line":183,"column":19}},"66":{"start":{"line":145,"column":8},"end":{"line":182,"column":9}},"67":{"start":{"line":146,"column":10},"end":{"line":181,"column":11}},"68":{"start":{"line":148,"column":14},"end":{"line":153,"column":17}},"69":{"start":{"line":154,"column":14},"end":{"line":154,"column":33}},"70":{"start":{"line":155,"column":14},"end":{"line":155,"column":43}},"71":{"start":{"line":158,"column":14},"end":{"line":158,"column":40}},"72":{"start":{"line":159,"column":14},"end":{"line":159,"column":34}},"73":{"start":{"line":160,"column":14},"end":{"line":160,"column":42}},"74":{"start":{"line":161,"column":14},"end":{"line":174,"column":17}},"75":{"start":{"line":168,"column":18},"end":{"line":168,"column":109}},"76":{"start":{"line":171,"column":16},"end":{"line":173,"column":19}},"77":{"start":{"line":175,"column":14},"end":{"line":175,"column":45}},"78":{"start":{"line":176,"column":14},"end":{"line":176,"column":43}},"79":{"start":{"line":180,"column":14},"end":{"line":180,"column":38}},"80":{"start":{"line":186,"column":4},"end":{"line":188,"column":6}},"81":{"start":{"line":187,"column":6},"end":{"line":187,"column":42}},"82":{"start":{"line":192,"column":0},"end":{"line":192,"column":52}},"83":{"start":{"line":194,"column":25},"end":{"line":196,"column":1}},"84":{"start":{"line":195,"column":2},"end":{"line":195,"column":46}},"85":{"start":{"line":204,"column":0},"end":{"line":204,"column":48}},"86":{"start":{"line":206,"column":45},"end":{"line":244,"column":3}},"87":{"start":{"line":207,"column":14},"end":{"line":239,"column":5}},"88":{"start":{"line":209,"column":17},"end":{"line":209,"column":26}},"89":{"start":{"line":210,"column":4},"end":{"line":238,"column":17}},"90":{"start":{"line":211,"column":6},"end":{"line":237,"column":7}},"91":{"start":{"line":212,"column":8},"end":{"line":236,"column":9}},"92":{"start":{"line":214,"column":12},"end":{"line":214,"column":84}},"93":{"start":{"line":215,"column":12},"end":{"line":215,"column":36}},"94":{"start":{"line":216,"column":12},"end":{"line":231,"column":32}},"95":{"start":{"line":235,"column":12},"end":{"line":235,"column":36}},"96":{"start":{"line":241,"column":2},"end":{"line":243,"column":4}},"97":{"start":{"line":242,"column":4},"end":{"line":242,"column":40}},"98":{"start":{"line":246,"column":0},"end":{"line":246,"column":62}},"99":{"start":{"line":247,"column":20},"end":{"line":247,"column":54}},"100":{"start":{"line":248,"column":0},"end":{"line":248,"column":38}}},"fnMap":{"0":{"name":"ownKeys","decl":{"start":{"line":27,"column":9},"end":{"line":27,"column":16}},"loc":{"start":{"line":27,"column":41},"end":{"line":27,"column":341}},"line":27},"1":{"name":"(anonymous_1)","decl":{"start":{"line":27,"column":208},"end":{"line":27,"column":209}},"loc":{"start":{"line":27,"column":223},"end":{"line":27,"column":290}},"line":27},"2":{"name":"_objectSpread","decl":{"start":{"line":29,"column":9},"end":{"line":29,"column":22}},"loc":{"start":{"line":29,"column":31},"end":{"line":29,"column":551}},"line":29},"3":{"name":"(anonymous_3)","decl":{"start":{"line":29,"column":184},"end":{"line":29,"column":185}},"loc":{"start":{"line":29,"column":199},"end":{"line":29,"column":262}},"line":29},"4":{"name":"(anonymous_4)","decl":{"start":{"line":29,"column":428},"end":{"line":29,"column":429}},"loc":{"start":{"line":29,"column":443},"end":{"line":29,"column":528}},"line":29},"5":{"name":"(anonymous_5)","decl":{"start":{"line":36,"column":41},"end":{"line":36,"column":42}},"loc":{"start":{"line":36,"column":53},"end":{"line":77,"column":1}},"line":36},"6":{"name":"_callee","decl":{"start":{"line":37,"column":101},"end":{"line":37,"column":108}},"loc":{"start":{"line":37,"column":139},"end":{"line":72,"column":3}},"line":37},"7":{"name":"_callee$","decl":{"start":{"line":39,"column":49},"end":{"line":39,"column":57}},"loc":{"start":{"line":39,"column":68},"end":{"line":71,"column":5}},"line":39},"8":{"name":"closestAirportsFromDb","decl":{"start":{"line":74,"column":18},"end":{"line":74,"column":39}},"loc":{"start":{"line":74,"column":54},"end":{"line":76,"column":3}},"line":74},"9":{"name":"(anonymous_9)","decl":{"start":{"line":81,"column":35},"end":{"line":81,"column":36}},"loc":{"start":{"line":81,"column":47},"end":{"line":123,"column":1}},"line":81},"10":{"name":"_callee2","decl":{"start":{"line":82,"column":101},"end":{"line":82,"column":109}},"loc":{"start":{"line":82,"column":150},"end":{"line":118,"column":3}},"line":82},"11":{"name":"_callee2$","decl":{"start":{"line":84,"column":49},"end":{"line":84,"column":58}},"loc":{"start":{"line":84,"column":70},"end":{"line":117,"column":5}},"line":84},"12":{"name":"(anonymous_12)","decl":{"start":{"line":106,"column":66},"end":{"line":106,"column":67}},"loc":{"start":{"line":106,"column":86},"end":{"line":108,"column":13}},"line":106},"13":{"name":"(anonymous_13)","decl":{"start":{"line":108,"column":20},"end":{"line":108,"column":21}},"loc":{"start":{"line":108,"column":36},"end":{"line":110,"column":13}},"line":108},"14":{"name":"closestAirports","decl":{"start":{"line":120,"column":18},"end":{"line":120,"column":33}},"loc":{"start":{"line":120,"column":49},"end":{"line":122,"column":3}},"line":120},"15":{"name":"initializeAirportSearch","decl":{"start":{"line":127,"column":9},"end":{"line":127,"column":32}},"loc":{"start":{"line":127,"column":35},"end":{"line":136,"column":1}},"line":127},"16":{"name":"airportsBySearchTerm","decl":{"start":{"line":138,"column":36},"end":{"line":138,"column":56}},"loc":{"start":{"line":138,"column":69},"end":{"line":190,"column":1}},"line":138},"17":{"name":"(anonymous_17)","decl":{"start":{"line":141,"column":35},"end":{"line":141,"column":36}},"loc":{"start":{"line":141,"column":47},"end":{"line":189,"column":3}},"line":141},"18":{"name":"_callee3","decl":{"start":{"line":142,"column":103},"end":{"line":142,"column":111}},"loc":{"start":{"line":142,"column":121},"end":{"line":184,"column":5}},"line":142},"19":{"name":"_callee3$","decl":{"start":{"line":144,"column":51},"end":{"line":144,"column":60}},"loc":{"start":{"line":144,"column":72},"end":{"line":183,"column":7}},"line":144},"20":{"name":"sort","decl":{"start":{"line":167,"column":31},"end":{"line":167,"column":35}},"loc":{"start":{"line":167,"column":42},"end":{"line":169,"column":17}},"line":167},"21":{"name":"(anonymous_21)","decl":{"start":{"line":170,"column":21},"end":{"line":170,"column":22}},"loc":{"start":{"line":170,"column":34},"end":{"line":174,"column":15}},"line":170},"22":{"name":"(anonymous_22)","decl":{"start":{"line":186,"column":11},"end":{"line":186,"column":12}},"loc":{"start":{"line":186,"column":26},"end":{"line":188,"column":5}},"line":186},"23":{"name":"airportsWithFilter","decl":{"start":{"line":194,"column":34},"end":{"line":194,"column":52}},"loc":{"start":{"line":194,"column":68},"end":{"line":196,"column":1}},"line":194},"24":{"name":"(anonymous_24)","decl":{"start":{"line":206,"column":45},"end":{"line":206,"column":46}},"loc":{"start":{"line":206,"column":57},"end":{"line":244,"column":1}},"line":206},"25":{"name":"_callee4","decl":{"start":{"line":207,"column":101},"end":{"line":207,"column":109}},"loc":{"start":{"line":207,"column":122},"end":{"line":239,"column":3}},"line":207},"26":{"name":"_callee4$","decl":{"start":{"line":210,"column":49},"end":{"line":210,"column":58}},"loc":{"start":{"line":210,"column":70},"end":{"line":238,"column":5}},"line":210},"27":{"name":"airportsBySearchTermMongo","decl":{"start":{"line":241,"column":18},"end":{"line":241,"column":43}},"loc":{"start":{"line":241,"column":49},"end":{"line":243,"column":3}},"line":241}},"branchMap":{"0":{"loc":{"start":{"line":27,"column":75},"end":{"line":27,"column":326}},"type":"if","locations":[{"start":{"line":27,"column":75},"end":{"line":27,"column":326}},{"start":{"line":27,"column":75},"end":{"line":27,"column":326}}],"line":27},"1":{"loc":{"start":{"line":27,"column":163},"end":{"line":27,"column":292}},"type":"if","locations":[{"start":{"line":27,"column":163},"end":{"line":27,"column":292}},{"start":{"line":27,"column":163},"end":{"line":27,"column":292}}],"line":27},"2":{"loc":{"start":{"line":29,"column":91},"end":{"line":29,"column":131}},"type":"cond-expr","locations":[{"start":{"line":29,"column":114},"end":{"line":29,"column":126}},{"start":{"line":29,"column":129},"end":{"line":29,"column":131}}],"line":29},"3":{"loc":{"start":{"line":29,"column":133},"end":{"line":29,"column":532}},"type":"if","locations":[{"start":{"line":29,"column":133},"end":{"line":29,"column":532}},{"start":{"line":29,"column":133},"end":{"line":29,"column":532}}],"line":29},"4":{"loc":{"start":{"line":29,"column":272},"end":{"line":29,"column":532}},"type":"if","locations":[{"start":{"line":29,"column":272},"end":{"line":29,"column":532}},{"start":{"line":29,"column":272},"end":{"line":29,"column":532}}],"line":29},"5":{"loc":{"start":{"line":41,"column":8},"end":{"line":69,"column":9}},"type":"switch","locations":[{"start":{"line":42,"column":10},"end":{"line":64,"column":38}},{"start":{"line":66,"column":10},"end":{"line":66,"column":17}},{"start":{"line":67,"column":10},"end":{"line":68,"column":35}}],"line":41},"6":{"loc":{"start":{"line":86,"column":8},"end":{"line":115,"column":9}},"type":"switch","locations":[{"start":{"line":87,"column":10},"end":{"line":103,"column":40}},{"start":{"line":105,"column":10},"end":{"line":110,"column":41}},{"start":{"line":112,"column":10},"end":{"line":112,"colu
[...]
!(\r\n        // native\r\n        string.match(/^async /) ||\r\n        // babel (this may change, but hey...)\r\n        string.match(/return _ref[^\\.]*\\.apply/)\r\n        // insert your other dirty transpiler check\r\n\r\n        // there are other more complex situations that maybe require you to check the return line for a *promise*\r\n    );\r\n}"]},"_coverageSchema":"1a1c01bbd47fc00a2c39e90264f33305004495a9","hash":"96895cabe73c34cbfb09100c5712499a53247ca6","contentHash":"54b721968d19fe9da94e363432e1d126c9293a3dd26bec29982bbea070b14210"},"C:\\Users\\Leo\\Desktop\\Web\\AirTracker\\Server\\src\\classes\\RequestOperation.js":{"path":"C:\\Users\\Leo\\Desktop\\Web\\AirTracker\\Server\\src\\classes\\RequestOperation.js","statementMap":{"0":{"start":{"line":3,"column":29},"end":{"line":3,"column":84}},"1":{"start":{"line":5,"column":0},"end":{"line":7,"column":3}},"2":{"start":{"line":8,"column":0},"end":{"line":8,"column":342}},"3":{"start":{"line":10,"column":17},"end":{"line":10,"column":83}},"4":{"start":{"line":12,"column":34},"end":{"line":12,"column":117}},"5":{"start":{"line":14,"column":23},"end":{"line":14,"column":95}},"6":{"start":{"line":16,"column":23},"end":{"line":16,"column":95}},"7":{"start":{"line":18,"column":65},"end":{"line":18,"column":92}},"8":{"start":{"line":18,"column":94},"end":{"line":18,"column":474}},"9":{"start":{"line":18,"column":147},"end":{"line":18,"column":188}},"10":{"start":{"line":18,"column":198},"end":{"line":18,"column":405}},"11":{"start":{"line":18,"column":247},"end":{"line":18,"column":297}},"12":{"start":{"line":18,"column":299},"end":{"line":18,"column":355}},"13":{"start":{"line":18,"column":365},"end":{"line":18,"column":403}},"14":{"start":{"line":18,"column":406},"end":{"line":18,"column":471}},"15":{"start":{"line":20,"column":39},"end":{"line":20,"column":110}},"16":{"start":{"line":20,"column":97},"end":{"line":20,"column":110}},"17":{"start":{"line":20,"column":111},"end":{"line":20,"column":152}},"18":{"start":{"line":20,"column":139},"end":{"line":20,"column":152}},"19":{"start":{"line":20,"column":153},"end":{"line":20,"column":198}},"20":{"start":{"line":20,"column":186},"end":{"line":20,"column":198}},"21":{"start":{"line":20,"column":199},"end":{"line":20,"column":322}},"22":{"start":{"line":20,"column":205},"end":{"line":20,"column":279}},"23":{"start":{"line":20,"column":280},"end":{"line":20,"column":292}},"24":{"start":{"line":20,"column":307},"end":{"line":20,"column":320}},"25":{"start":{"line":22,"column":12},"end":{"line":27,"column":1}},"26":{"start":{"line":23,"column":2},"end":{"line":23,"column":48}},"27":{"start":{"line":24,"column":2},"end":{"line":24,"column":19}},"28":{"start":{"line":25,"column":2},"end":{"line":25,"column":25}},"29":{"start":{"line":26,"column":2},"end":{"line":26,"column":23}},"30":{"start":{"line":29,"column":0},"end":{"line":29,"column":22}},"31":{"start":{"line":31,"column":34},"end":{"line":46,"column":8}},"32":{"start":{"line":32,"column":2},"end":{"line":32,"column":53}},"33":{"start":{"line":34,"column":15},"end":{"line":34,"column":43}},"34":{"start":{"line":39,"column":4},"end":{"line":39,"column":59}},"35":{"start":{"line":40,"column":4},"end":{"line":40,"column":51}},"36":{"start":{"line":41,"column":4},"end":{"line":41,"column":26}},"37":{"start":{"line":42,"column":4},"end":{"line":42,"column":17}},"38":{"start":{"line":45,"column":2},"end":{"line":45,"column":24}},"39":{"start":{"line":48,"column":0},"end":{"line":48,"column":40}},"40":{"start":{"line":50,"column":35},"end":{"line":65,"column":8}},"41":{"start":{"line":51,"column":2},"end":{"line":51,"column":55}},"42":{"start":{"line":53,"column":16},"end":{"line":53,"column":45}},"43":{"start":{"line":58,"column":4},"end":{"line":58,"column":60}},"44":{"start":{"line":59,"column":4},"end":{"line":59,"column":58}},"45":{"start":{"line":60,"column":4},"end":{"line":60,"column":27}},"46":{"start":{"line":61,"column":4},"end":{"line":61,"column":18}},"47":{"start":{"line":64,"column":2},"end":{"line":64,"column":25}},"48":{"start":{"line":67,"column":0},"end":{"line":67,"column":42}},"49":{"start":{"line":69,"column":35},"end":{"line":84,"column":8}},"50":{"start":{"line":70,"column":2},"end":{"line":70,"column":55}},"51":{"start":{"line":72,"column":16},"end":{"line":72,"column":45}},"52":{"start":{"line":77,"column":4},"end":{"line":77,"column":60}},"53":{"start":{"line":78,"column":4},"end":{"line":78,"column":58}},"54":{"start":{"line":79,"column":4},"end":{"line":79,"column":27}},"55":{"start":{"line":80,"column":4},"end":{"line":80,"column":18}},"56":{"start":{"line":83,"column":2},"end":{"line":83,"column":25}},"57":{"start":{"line":86,"column":0},"end":{"line":86,"column":42}},"58":{"start":{"line":88,"column":39},"end":{"line":103,"column":8}},"59":{"start":{"line":89,"column":2},"end":{"line":89,"column":59}},"60":{"start":{"line":91,"column":16},"end":{"line":91,"column":49}},"61":{"start":{"line":96,"column":4},"end":{"line":96,"column":64}},"62":{"start":{"line":97,"column":4},"end":{"line":97,"column":62}},"63":{"start":{"line":98,"column":4},"end":{"line":98,"column":27}},"64":{"start":{"line":99,"column":4},"end":{"line":99,"column":18}},"65":{"start":{"line":102,"column":2},"end":{"line":102,"column":29}},"66":{"start":{"line":105,"column":0},"end":{"line":105,"column":50}},"67":{"start":{"line":107,"column":19},"end":{"line":113,"column":1}},"68":{"start":{"line":108,"column":2},"end":{"line":108,"column":55}},"69":{"start":{"line":109,"column":2},"end":{"line":109,"column":22}},"70":{"start":{"line":110,"column":2},"end":{"line":110,"column":15}},"71":{"start":{"line":111,"column":2},"end":{"line":111,"column":19}},"72":{"start":{"line":112,"column":2},"end":{"line":112,"column":21}},"73":{"start":{"line":115,"column":0},"end":{"line":115,"column":36}},"74":{"start":{"line":117,"column":22},"end":{"line":121,"column":1}},"75":{"start":{"line":118,"column":2},"end":{"line":118,"column":58}},"76":{"start":{"line":119,"column":2},"end":{"line":119,"column":25}},"77":{"start":{"line":120,"column":2},"end":{"line":120,"column":19}},"78":{"start":{"line":123,"column":0},"end":{"line":123,"column":42}},"79":{"start":{"line":125,"column":29},"end":{"line":129,"column":1}},"80":{"start":{"line":126,"column":2},"end":{"line":126,"column":65}},"81":{"start":{"line":127,"column":2},"end":{"line":127,"column":22}},"82":{"start":{"line":128,"column":2},"end":{"line":128,"column":25}},"83":{"start":{"line":131,"column":0},"end":{"line":131,"column":56}},"84":{"start":{"line":133,"column":22},"end":{"line":138,"column":1}},"85":{"start":{"line":134,"column":2},"end":{"line":134,"column":58}},"86":{"start":{"line":135,"column":2},"end":{"line":135,"column":25}},"87":{"start":{"line":136,"column":2},"end":{"line":136,"column":19}},"88":{"start":{"line":137,"column":2},"end":{"line":137,"column":21}},"89":{"start":{"line":140,"column":0},"end":{"line":140,"column":42}},"90":{"start":{"line":142,"column":27},"end":{"line":148,"column":1}},"91":{"start":{"line":143,"column":2},"end":{"line":143,"column":63}},"92":{"start":{"line":144,"column":2},"end":{"line":144,"column":25}},"93":{"start":{"line":145,"column":2},"end":{"line":145,"column":49}},"94":{"start":{"line":146,"column":2},"end":{"line":146,"column":45}},"95":{"start":{"line":147,"column":2},"end":{"line":147,"column":21}},"96":{"start":{"line":150,"column":0},"end":{"line":150,"column":52}},"97":{"start":{"line":152,"column":34},"end":{"line":167,"column":8}},"98":{"start":{"line":153,"column":2},"end":{"line":153,"column":54}},"99":{"start":{"line":155,"column":16},"end":{"line":155,"column":44}},"100":{"start":{"line":160,"column":4},"end":{"line":160,"column":59}},"101":{"start":{"line":161,"column":4},"end":{"line":161,"column":60}},"102":{"start":{"line":162,"column":4},"end":{"line":162,"column":41}},"103":{"start":{"line":163,"column":4},"end":{"line":163,"column":18}},"104":{"start":{"line":166,"column":2},"end":{"line":166,"column":24}},"105":{"start":{"line":169,"column":0},"end":{"line":169,"column":40}},"106":{"start":{"line":171,"column":23},"end":{"line":174,"column":1}},"107":{"start":{"line":172,"column":2},"end":{"line":172,"column":59}},"108":{"start":{"line":173,"column":2},"end":{"line":173,"column":22}},"109":{"start":{"line":176,"column":0},"end":{"line":176,"column":44}},"110":{"start":{"line":178,"column":17},"end":{"line":182,"column":1}},"111":{"start":{"line":179,"column":2},"end":{"line":179,"column":53}},"112":{"start":{"line":180,"column":2},"end":{"line":180,"column":23}},"113":{"start":{"line":181,"column":2},"end":{"line":181,"column":25}},"114":{"start":{"line":184,"column":0},"end":{"line":184,"column":32}}},"fnMap":{"0":{"name":"_createSuper","decl":{"start":{"line":18,"column":9},"end":{"line":18,"column":21}},"loc":{"start":{"line":18,"column":31},"end":{"line":18,"column":476}},"line":18},"1":{"name":"_createSuperInternal","decl":{"start":{"line":18,"column":110},"end":{"line":18,"column":130}},"loc":{"start":{"line":18,"column":133},"end":{"line":18,"column":473}},"line":18},"2":{"name":"_isNativeReflectConstruct","decl":{"start":{"line":20,"column":9},"end":{"line":20,"column":34}},"loc":{"start":{"line":20,"column":37},"end":{"line":20,"column":324}},"line":20},"3":{"name":"(anonymous_3)","decl":{"start":{"line":20,"column":262},"end":{"line":20,"column":263}},"loc":{"start":{"line":20,"column":274},"end":{"line":20,"column":276}},"line":20},"4":{"name":"Error","decl":{"start":{"line":22,"column":21},"end":{"line":22,"column":26}},"loc":{"start":{"line":22,"column":42},"end":{"line":27,"column":1}},"line":22},"5":{"name":"(anonymous_5)","decl":{"start":{"line":31,"column":34},"end":{"line":31,"column":35}},"loc":{"start":{"line":31,"column":52},"end":{"line":46,"column":1}},"line":31},"6":{"name":"UserInputError","decl":{"start":{"line":36,"column":11},"end":{"line":36,"column":25}},"loc":{"start":{"line":36,"column":40},"end":{"line":43,"column":3}},"line":36},"7":{"name":"(anonymous_7)","decl":{"start":{"line":50,"column":35},"end":{"line":50,"column":36}},"loc":{"start":{"line":50,"column":54},"end":{"line":65,"column":1}},"line":50},"8":{"name":"ValidationError","decl":{"start":{"line":55,"column":11},"end":{"line":55,"column":26}},"loc":{"start":{"line":55,"column":41},"end":{"line":62,"column":3}},"line":55},"9":{"name":"(anonymous_9)","decl":{"start":{"line":69,"column":35},"end":{"line":69,"column":36}},"loc":{"start":{"line":69,"column":54},"end":{"line":84,"column":1}},"line":69},"10":{"name":"UnexpectedError","decl":{"start":{"line":74,"column":11},"end":{"line":74,"column":26}},"loc":{"start":{"line":74,"column":41},"end":{"line":81,"column":3}},"line":74},"11":{"name":"(anonymous_11)","decl":{"start":{"line":88,"column":39},"end":{"line":88,"column":40}},"loc":{"start":{"line":88,"column":58},"end":{"line":103,"column":1}},"line":88},"12":{"name":"AuthenticationError","decl":{"start":{"line":93,"column":11},"end":{"line":93,"column":30}},"loc":{"start":{"line":93,"column":45},"end":{"line":100,"column":3}},"line":93},"13":{"name":"LoginSuccess","decl":{"start":{"line":107,"column":28},"end":{"line":107,"column":40}},"loc":{"start":{"line":107,"column":58},"end":{"line":113,"column":1}},"line":107},"14":{"name":"RegisterSuccess","decl":{"start":{"line":117,"column":31},"end":{"line":117,"column":46}},"loc":{"start":{"line":117,"column":62},"end":{"line":121,"column":1}},"line":117},"15":{"name":"TrackerCreationSuccess","decl":{"start":{"line":125,"column":38},"end":{"line":125,"column":60}},"loc":{"start":{"line":125,"column":70},"end":{"line":129,"column":1}},"line":125},"16":{"name":"OperationResult","decl":{"start":{"line":133,"column":31},"end":{"line":133,"column":46}},"loc":{"start":{"line":133,"column":69},"end":{"line":138,"column":1}},"line":133},"17":{"name":"TrackerCreationCheck","decl":{"start":{"line":142,"column":36},"end":{"line":142,"column":56}},"loc":{"start":{"line":142,"column":113},"end":{"line":148,"column":1}},"line":142},"18":{"name":"(anonymous_18)","decl":{"start":{"line":152,"column":34},"end":{"line":152,"column":35}},"loc":{"start":{"line":152,"column":53},"end":{"line":167,"column":1}},"line":152},"19":{"name":"OperationError","decl":{"start":{"line":157,"column":11},"end":{"line":157,"column":25}},"loc":{"start":{"line":157,"column":50},"end":{"line":164,"column":3}},"line":157},"20":{"name":"OperationSuccess","decl":{"start":{"line":171,"column":32},"end":{"line":171,"column":48}},"loc":{"start":{"line":171,"column":59},"end":{"line":174,"column":1}},"line":171},"21":{"name":"InputError","decl":{"start":{"line":178,"column":26},"end":{"line":178,"column":36}},"loc":{"start":{"line":178,"column":54},"end":{"line":182,"column":1}},"line":178}},"branchMap":{"0":{"loc":{"start":{"line":18,"column":198},"end":{"line":18,"column":405}},"type":"if","locations":[{"start":{"line":18,"column":198},"end":{"line":18,"column":405}},{"start":{"line":18,"column":198},"end":{"line":18,"column":405}}],"line":18},"1":{"loc":{"start":{"line":20,"column":39},"end":{"line":20,"column":110}},"type":"if","locations":[{"start":{"line":20,"column":39},"end":{"line":20,"column":110}},{"start":{"line":20,"column":39},"end":{"line":20,"column":110}}],"line":20},"2":{"loc":{"start":{"line":20,"column":43},"end":{"line":20,"column":95}},"type":"binary-expr","locations":[{"start":{"line":20,"column":43},"end":{"line":20,"column":73}},{"start":{"line":20,"column":77},"end":{"line":20,"column":95}}],"line":20},"3":{"loc":{"start":{"line":20,"column":111},"end":{"line":20,"column":152}},"type":"if","locations":[{"start":{"line":20,"column":111},"end":{"line":20,"column":152}},{"start":{"line":20,"column":111},"end":{"line":20,"column":152}}],"line":20},"4":{"loc":{"start":{"line":20,"column":153},"end":{"line":20,"column":198}},"type":"if","locations":[{"start":{"line":20,"column":153},"end":{"line":20,"column":198}},{"start":{"line":20,"column":153},"end":{"line":20,"column":198}}],"line":20}},"s":{"0":1,"1":1,"2":1,"3":1,"4":1,"5":1,"6":1,"7":5,"8":5,"9":0,"10":0,"11":0,"12":0,"13":0,"14":0,"15":5,"16":0,"17":5,"18":0,"19":5,"20":5,"21":0,"22":0,"23":0,"24":0,"25":1,"26":0,"27":0,"28":0,"29":0,"30":1,"31":1,"32":1,"33":1,"34":0,"35":0,"36":0,"37":0,"38":1,"39":1,"40":1,"41":1,"42":1,"43":0,"44":0,"45":0,"46":0,"47":1,"48":1,"49":1,"50":1,"51":1,"52":0,"53":0,"54":0,"55":0,"56":1,"57":1,"58":1,"59":1,"60":1,"61":0,"62":0,"63":0,"64":0,"65":1,"66":1,"67":1,"68":0,"69":0,"70":0,"71":0,"72":0,"73":1,"74":1,"75":0,"76":0,"77":0,"78":1,"79":1,"80":0,"81":0,"82":0,"83":1,"84":1,"85":0,"86":0,"87":0,"88":0,"89":1,"90":1,"91":0,"92":0,"93":0,"94":0,"95":0,"96":1,"97":1,"98":1,"99":1,"100":0,"101":0,"102":0,"103":0,"104":1,"105":1,"106":1,"107":0,"108":0,"109":1,"110":1,"111":1,"112":1,"113":1,"114":1},"f":{"0":5,"1":0,"2":5,"3":0,"4":0,"5":1,"6":0,"7":1,"8":0,"9":1,"10":0,"11":1,"12":0,"13":0,"14":0,"15":0,"16":0,"17":0,"18":1,"19":0,"20":0,"21":1},"b":{"0":[0,0],"1":[0,5],"2":[5,5],"3":[0,5],"4":[5,0]},"inputSourceMap":{"version":3,"sources":["RequestOperation.js"],"names":["Error","type","message","success","UserInputError","errors","ValidationError","UnexpectedError","AuthenticationError","LoginSuccess","id","user","token","RegisterSuccess","TrackerCreationSuccess","tracker","OperationResult","error","TrackerCreationCheck","canCreateNewTracker","nbTrackersCreated","OperationError","operationType","OperationSuccess","resource","InputError","target"],"mappings":";;;;;;;;;;;;;;;;;;;;;IAAaA,K,GACT,eAAYC,IAAZ,EAAkBC,OAAlB,EAA0B;AAAA;AACtB,OAAKD,IAAL,GAAYA,IAAZ;AACA,OAAKC,OAAL,GAAeA,OAAf;AACA,OAAKC,OAAL,GAAe,KAAf;AACH,C;;;;IAGQC,c;;;;;AACT,0BAAYH,IAAZ,EAAkBI,MAAlB,EAAyB;AAAA;;AAAA;AACrB,8BAAMJ,IAAN,EAAY,aAAZ;AACA,UAAKI,MAAL,GAAcA,MAAd;AAFqB;AAGxB;;;EAJ+BL,K;;;;IAOvBM,e;;;;;AACT,2BAAYL,IAAZ,EAAkBI,MAAlB,EAAyB;AAAA;;AAAA;AACrB,gCAAMJ,IAAN,EAAY,kBAAZ;AACA,WAAKI,MAAL,GAAcA,MAAd;AAFqB;AAGxB;;;EAJgCL,K;;;;IAOxBO,e;;;;;AACT,2BAAYN,IAAZ,EAAkBI,MAAlB,EAAyB;AAAA;;AAAA;AACrB,gCAAMJ,IAAN,EAAY,kBAAZ;AACA,WAAKI,MAAL,GAAcA,MAAd;AAFqB;AAGxB;;;EAJgCL,K;;;;IAOxBQ,mB;;;;;AACT,+BAAYP,IAAZ,EAAkBI,MAAlB,EAAyB;AAAA;;AAAA;AACrB,gCAAMJ,IAAN,EAAY,sBAAZ;AACA,WAAKI,MAAL,GAAcA,MAAd;AAFqB;AAGxB;;;EAJoCL,K;;;;IAO5BS,Y,GACT,sBAAYC,EAAZ,EAAgBC,IAAhB,EAAsBC,KAAtB,EAA4B;AAAA;AACxB,OAAKT,OAAL,GAAe,IAAf;AACA,OAAKO,EAAL,GAAUA,EAAV;AACA,OAAKC,IAAL,GAAYA,IAAZ;AACA,OAAKC,KAAL,GAAaA,KAAb;AACH,C;;;;IAGQC,e,GACT,yBAAYV,OAAZ,EAAqBQ,IAArB,EAA0B;AAAA;AACtB,OAAKR,OAAL,GAAeA,OAAf;AACA,OAAKQ,IAAL,GAAYA,IAAZ;AACH,C;;;;IAGQG,sB,GACT,gCAAYC,OAAZ,EAAoB;AAAA;AAChB,OAAKZ,OAAL,GAAe,IAAf;AACA,OAAKY,OAAL,GAAeA,OAAf;AACH,C;;;;IAGQC,e,GACT,yBAAYb,OAAZ,EAAqBF,IAArB,EAA2BgB,KAA3B,EAAiC;AAAA;AAC7B,OAAKd,OAAL,GAAeA,OAAf;AACA,OAAKF,IAAL,GAAYA,IAAZ;AACA,OAAKgB,KAAL,GAAaA,KAAb;AACH,C;;;;IAGQC,oB,GACT,8BAAYf,OAAZ,EAAqBgB,mBAArB,EAA0CC,iBAA1C,EAA6DH,KAA7D,EAAmE;AAAA;AAC/D,OAAKd,OAAL,GAAeA,OAAf;AACA,OAAKgB,mBAAL,GAA2BA,mBAA3B;AACA,OAAKC,iBAAL,GAAyBA,iBAAzB;AACA,OAAKH,KAAL,GAAaA,KAAb;AACH,C;;;;IAGQI,c;;;;;AACT,0BAAYnB,OAAZ,EAAqBoB,aAArB,EAAmC;AAAA;;AAAA;AAC/B,gCAAM,iBAAN,EAAyBpB,OAAzB;AACA,WAAKoB,aAAL,GAAqBA,aAArB;AAF+B;AAGlC;;;EAJ+BtB,K;;;;IAOvBuB,gB,GACT,0BAAYC,QAAZ,EAAqB;AAAA;AACjB,OAAKrB,OAAL,GAAe,IAAf;AACH,C;;;;IAGQsB,U,GACT,oBAAYC,MAAZ,EAAoBxB,OAApB,EAA4B;AAAA;AACxB,OAAKwB,MAAL,GAAcA,MAAd;AACA,OAAKxB,OAAL,GAAeA,OAAf;AACH,C","sourceRoot":"C:\\Users\\Leo\\Desktop\\Web\\AirTracker\\Server\\src\\classes\\","sourcesContent":["export class Error{\r\n    constructor(type, message){\r\n        this.type = type;\r\n        this.message = message;\r\n        this.success = false;\r\n    }\r\n}\r\n\r\nexport class UserInputError extends Error{\r\n    constructor(type, errors){\r\n        super(type, 'Input error');\r\n        this.errors = errors;\r\n    }\r\n}\r\n\r\nexport class ValidationError extends Error{\r\n    constructor(type, errors){\r\n        super(type, 'Validation error');\r\n        this.errors = errors;\r\n    }\r\n}\r\n\r\nexport class UnexpectedError extends Error{\r\n    constructor(type, errors){\r\n        super(type, 'Unexpected error');\r\n        this.errors = errors;\r\n    }\r\n}\r\n\r\nexport class AuthenticationError extends Error{\r\n    constructor(type, errors){\r\n        super(type, 'Authentication error');\r\n        this.errors = errors;\r\n    }\r\n}\r\n\r\nexport class LoginSuccess{\r\n    constructor(id, user, token){\r\n        this.success = true;\r\n        this.id = id;\r\n        this.user = user;\r\n        this.token = token;\r\n    }\r\n}\r\n\r\nexport class RegisterSuccess{\r\n    constructor(success, user){\r\n        this.success = success;\r\n        this.user = user;\r\n    }\r\n}\r\n\r\nexport class TrackerCreationSuccess{\r\n    constructor(tracker){\r\n        this.success = true;\r\n        this.tracker = tracker;\r\n    }\r\n}\r\n\r\nexport class OperationResult{\r\n    constructor(success, type, error){\r\n        this.success = success;\r\n        this.type = type;\r\n        this.error = error;\r\n    }\r\n}\r\n\r\nexport class TrackerCreationCheck {\r\n    constructor(success, canCreateNewTracker, nbTrackersCreated, error){\r\n        this.success = success;\r\n        this.canCreateNewTracker = canCreateNewTracker;\r\n        this.nbTrackersCreated = nbTrackersCreated;\r\n        this.error = error;\r\n    }\r\n}\r\n\r\nexport class OperationError extends Error{\r\n    constructor(message, operationType){\r\n        super(\"OPERATION_ERROR\", message);\r\n        this.operationType = operationType;\r\n    }\r\n}\r\n\r\nexport class OperationSuccess{\r\n    constructor(resource){\r\n        this.success = true;\r\n    }\r\n}\r\n\r\nexport class InputError{\r\n    constructor(target, message){\r\n        this.target = target;\r\n        this.message = message;\r\n    }\r\n}"]},"_coverageSchema":"1a1c01bbd47fc00a2c39e90264f33305004495a9","hash":"e19c95d4fb02b5bcd9d83e8a6965c5e84e41583d","contentHash":"fb588260833810acd6cc242757f030ea5f53a72badd0ce1d3cec14f0a4abd723"}}