{"C:\\Users\\Leo\\Desktop\\Web\\AirTracker\\Server\\src\\classes\\AirportSearch.js": {"path":"C:\\Users\\Leo\\Desktop\\Web\\AirTracker\\Server\\src\\classes\\AirportSearch.js","statementMap":{"0":{"start":{"line":4,"column":20},"end":{"line":9,"column":1}},"1":{"start":{"line":20,"column":8},"end":{"line":20,"column":27}},"2":{"start":{"line":21,"column":8},"end":{"line":21,"column":37}},"3":{"start":{"line":22,"column":8},"end":{"line":22,"column":29}},"4":{"start":{"line":23,"column":8},"end":{"line":23,"column":30}},"5":{"start":{"line":24,"column":8},"end":{"line":24,"column":43}},"6":{"start":{"line":26,"column":8},"end":{"line":26,"column":24}},"7":{"start":{"line":27,"column":8},"end":{"line":27,"column":35}},"8":{"start":{"line":29,"column":8},"end":{"line":29,"column":54}},"9":{"start":{"line":30,"column":8},"end":{"line":30,"column":95}},"10":{"start":{"line":31,"column":8},"end":{"line":31,"column":29}},"11":{"start":{"line":41,"column":8},"end":{"line":50,"column":11}},"12":{"start":{"line":42,"column":12},"end":{"line":42,"column":33}},"13":{"start":{"line":44,"column":27},"end":{"line":44,"column":89}},"14":{"start":{"line":44,"column":76},"end":{"line":44,"column":88}},"15":{"start":{"line":45,"column":12},"end":{"line":45,"column":40}},"16":{"start":{"line":47,"column":12},"end":{"line":47,"column":48}},"17":{"start":{"line":48,"column":12},"end":{"line":48,"column":33}},"18":{"start":{"line":49,"column":12},"end":{"line":49,"column":22}},"19":{"start":{"line":54,"column":8},"end":{"line":67,"column":9}},"20":{"start":{"line":55,"column":12},"end":{"line":55,"column":76}},"21":{"start":{"line":57,"column":28},"end":{"line":57,"column":54}},"22":{"start":{"line":59,"column":12},"end":{"line":59,"column":66}},"23":{"start":{"line":59,"column":46},"end":{"line":59,"column":66}},"24":{"start":{"line":61,"column":12},"end":{"line":61,"column":101}},"25":{"start":{"line":61,"column":81},"end":{"line":61,"column":101}},"26":{"start":{"line":62,"column":12},"end":{"line":62,"column":40}},"27":{"start":{"line":63,"column":12},"end":{"line":63,"column":59}},"28":{"start":{"line":66,"column":12},"end":{"line":66,"column":25}},"29":{"start":{"line":71,"column":19},"end":{"line":74,"column":9}},"30":{"start":{"line":75,"column":8},"end":{"line":75,"column":56}},"31":{"start":{"line":83,"column":8},"end":{"line":83,"column":34}},"32":{"start":{"line":87,"column":24},"end":{"line":90,"column":9}},"33":{"start":{"line":91,"column":8},"end":{"line":91,"column":60}},"34":{"start":{"line":99,"column":8},"end":{"line":99,"column":33}},"35":{"start":{"line":100,"column":8},"end":{"line":102,"column":11}},"36":{"start":{"line":101,"column":12},"end":{"line":101,"column":60}},"37":{"start":{"line":104,"column":8},"end":{"line":106,"column":9}},"38":{"start":{"line":105,"column":12},"end":{"line":105,"column":43}},"39":{"start":{"line":108,"column":8},"end":{"line":108,"column":40}},"40":{"start":{"line":109,"column":8},"end":{"line":109,"column":24}},"41":{"start":{"line":117,"column":8},"end":{"line":117,"column":37}},"42":{"start":{"line":125,"column":8},"end":{"line":127,"column":9}},"43":{"start":{"line":126,"column":12},"end":{"line":126,"column":36}},"44":{"start":{"line":128,"column":8},"end":{"line":128,"column":30}},"45":{"start":{"line":132,"column":8},"end":{"line":132,"column":31}},"46":{"start":{"line":141,"column":8},"end":{"line":154,"column":11}},"47":{"start":{"line":143,"column":12},"end":{"line":146,"column":13}},"48":{"start":{"line":144,"column":16},"end":{"line":144,"column":40}},"49":{"start":{"line":145,"column":16},"end":{"line":145,"column":23}},"50":{"start":{"line":148,"column":12},"end":{"line":151,"column":13}},"51":{"start":{"line":150,"column":16},"end":{"line":150,"column":36}},"52":{"start":{"line":153,"column":12},"end":{"line":153,"column":35}},"53":{"start":{"line":158,"column":8},"end":{"line":158,"column":46}},"54":{"start":{"line":162,"column":8},"end":{"line":162,"column":27}},"55":{"start":{"line":163,"column":8},"end":{"line":163,"column":33}},"56":{"start":{"line":167,"column":8},"end":{"line":167,"column":41}}},"fnMap":{"0":{"name":"(anonymous_0)","decl":{"start":{"line":19,"column":4},"end":{"line":19,"column":5}},"loc":{"start":{"line":19,"column":110},"end":{"line":34,"column":5}},"line":19},"1":{"name":"(anonymous_1)","decl":{"start":{"line":40,"column":4},"end":{"line":40,"column":5}},"loc":{"start":{"line":40,"column":12},"end":{"line":51,"column":5}},"line":40},"2":{"name":"(anonymous_2)","decl":{"start":{"line":41,"column":27},"end":{"line":41,"column":28}},"loc":{"start":{"line":41,"column":45},"end":{"line":50,"column":9}},"line":41},"3":{"name":"(anonymous_3)","decl":{"start":{"line":44,"column":65},"end":{"line":44,"column":66}},"loc":{"start":{"line":44,"column":76},"end":{"line":44,"column":88}},"line":44},"4":{"name":"(anonymous_4)","decl":{"start":{"line":53,"column":4},"end":{"line":53,"column":5}},"loc":{"start":{"line":53,"column":22},"end":{"line":68,"column":5}},"line":53},"5":{"name":"(anonymous_5)","decl":{"start":{"line":70,"column":4},"end":{"line":70,"column":5}},"loc":{"start":{"line":70,"column":28},"end":{"line":76,"column":5}},"line":70},"6":{"name":"(anonymous_6)","decl":{"start":{"line":82,"column":4},"end":{"line":82,"column":5}},"loc":{"start":{"line":82,"column":29},"end":{"line":84,"column":5}},"line":82},"7":{"name":"(anonymous_7)","decl":{"start":{"line":86,"column":4},"end":{"line":86,"column":5}},"loc":{"start":{"line":86,"column":29},"end":{"line":92,"column":5}},"line":86},"8":{"name":"(anonymous_8)","decl":{"start":{"line":98,"column":4},"end":{"line":98,"column":5}},"loc":{"start":{"line":98,"column":42},"end":{"line":110,"column":5}},"line":98},"9":{"name":"(anonymous_9)","decl":{"start":{"line":100,"column":25},"end":{"line":100,"column":26}},"loc":{"start":{"line":100,"column":38},"end":{"line":102,"column":9}},"line":100},"10":{"name":"(anonymous_10)","decl":{"start":{"line":116,"column":4},"end":{"line":116,"column":5}},"loc":{"start":{"line":116,"column":23},"end":{"line":118,"column":5}},"line":116},"11":{"name":"(anonymous_11)","decl":{"start":{"line":124,"column":4},"end":{"line":124,"column":5}},"loc":{"start":{"line":124,"column":14},"end":{"line":129,"column":5}},"line":124},"12":{"name":"(anonymous_12)","decl":{"start":{"line":131,"column":4},"end":{"line":131,"column":5}},"loc":{"start":{"line":131,"column":20},"end":{"line":133,"column":5}},"line":131},"13":{"name":"(anonymous_13)","decl":{"start":{"line":140,"column":4},"end":{"line":140,"column":5}},"loc":{"start":{"line":140,"column":11},"end":{"line":155,"column":5}},"line":140},"14":{"name":"(anonymous_14)","decl":{"start":{"line":141,"column":27},"end":{"line":141,"column":28}},"loc":{"start":{"line":141,"column":46},"end":{"line":154,"column":9}},"line":141},"15":{"name":"(anonymous_15)","decl":{"start":{"line":157,"column":4},"end":{"line":157,"column":5}},"loc":{"start":{"line":157,"column":24},"end":{"line":159,"column":5}},"line":157},"16":{"name":"(anonymous_16)","decl":{"start":{"line":161,"column":4},"end":{"line":161,"column":5}},"loc":{"start":{"line":161,"column":11},"end":{"line":164,"column":5}},"line":161},"17":{"name":"(anonymous_17)","decl":{"start":{"line":166,"column":4},"end":{"line":166,"column":5}},"loc":{"start":{"line":166,"column":16},"end":{"line":168,"column":5}},"line":166}},"branchMap":{"0":{"loc":{"start":{"line":19,"column":16},"end":{"line":19,"column":109}},"type":"default-arg","locations":[{"start":{"line":19,"column":107},"end":{"line":19,"column":109}}],"line":19},"1":{"loc":{"start":{"line":19,"column":17},"end":{"line":19,"column":39}},"type":"default-arg","locations":[{"start":{"line":19,"column":26},"end":{"line":19,"column":39}}],"line":19},"2":{"loc":{"start":{"line":19,"column":41},"end":{"line":19,"column":66}},"type":"default-arg","locations":[{"start":{"line":19,"column":57},"end":{"line":19,"column":66}}],"line":19},"3":{"loc":{"start":{"line":19,"column":68},"end":{"line":19,"column":103}},"type":"default-arg","locations":[{"start":{"line":19,"column":83},"end":{"line":19,"column":103}}],"line":19},"4":{"loc":{"start":{"line":30,"column":37},"end":{"line":30,"column":94}},"type":"binary-expr","locations":[{"start":{"line":30,"column":37},"end":{"line":30,"column":71}},{"start":{"line":30,"column":75},"end":{"line":30,"column":94}}],"line":30},"5":{"loc":{"start":{"line":54,"column":8},"end":{"line":67,"column":9}},"type":"if","locations":[{"start":{"line":54,"column":8},"end":{"line":67,"column":9}},{"start":{"line":54,"column":8},"end":{"line":67,"column":9}}],"line":54},"6":{"loc":{"start":{"line":59,"column":12},"end":{"line":59,"column":66}},"type":"if","locations":[{"start":{"line":59,"column":12},"end":{"line":59,"column":66}},{"start":{"line":59,"column":12},"end":{"line":59,"column":66}}],"line":59},"7":{"loc":{"start":{"line":59,"column":15},"end":{"line":59,"column":44}},"type":"binary-expr","locations":[{"start":{"line":59,"column":15},"end":{"line":59,"column":25}},{"start":{"line":59,"column":29},"end":{"line":59,"column":44}}],"line":59},"8":{"loc":{"start":{"line":61,"column":12},"end":{"line":61,"column":101}},"type":"if","locations":[{"start":{"line":61,"column":12},"end":{"line":61,"column":101}},{"start":{"line":61,"column":12},"end":{"line":61,"column":101}}],"line":61},"9":{"loc":{"start":{"line":104,"column":8},"end":{"line":106,"column":9}},"type":"if","locations":[{"start":{"line":104,"column":8},"end":{"line":106,"column":9}},{"start":{"line":104,"column":8},"end":{"line":106,"column":9}}],"line":104},"10":{"loc":{"start":{"line":104,"column":11},"end":{"line":104,"column":44}},"type":"binary-expr","locations":[{"start":{"line":104,"column":11},"end":{"line":104,"column":28}},{"start":{"line":104,"column":32},"end":{"line":104,"column":44}}],"line":104},"11":{"loc":{"start":{"line":143,"column":12},"end":{"line":146,"column":13}},"type":"if","locations":[{"start":{"line":143,"column":12},"end":{"line":146,"column":13}},{"start":{"line":143,"column":12},"end":{"line":146,"column":13}}],"line":143},"12":{"loc":{"start":{"line":148,"column":12},"end":{"line":151,"column":13}},"type":"if","locations":[{"start":{"line":148,"column":12},"end":{"line":151,"column":13}},{"start":{"line":148,"column":12},"end":{"line":151,"column":13}}],"line":148},"13":{"loc":{"start":{"line":148,"column":15},"end":{"line":149,"column":72}},"type":"binary-expr","locations":[{"start":{"line":148,"column":15},"end":{"line":148,"column":41}},{"start":{"line":149,"column":14},"end":{"line":149,"column":72}}],"line":148}},"s":{"0":1,"1":1,"2":1,"3":1,"4":1,"5":1,"6":1,"7":1,"8":1,"9":1,"10":1,"11":0,"12":0,"13":0,"14":0,"15":0,"16":0,"17":0,"18":0,"19":0,"20":0,"21":0,"22":0,"23":0,"24":0,"25":0,"26":0,"27":0,"28":0,"29":0,"30":0,"31":0,"32":0,"33":0,"34":0,"35":0,"36":0,"37":0,"38":0,"39":0,"40":0,"41":0,"42":0,"43":0,"44":0,"45":0,"46":0,"47":0,"48":0,"49":0,"50":0,"51":0,"52":0,"53":0,"54":0,"55":0,"56":0},"f":{"0":1,"1":0,"2":0,"3":0,"4":0,"5":0,"6":0,"7":0,"8":0,"9":0,"10":0,"11":0,"12":0,"13":0,"14":0,"15":0,"16":0,"17":0},"b":{"0":[1],"1":[1],"2":[1],"3":[1],"4":[1,1],"5":[0,0],"6":[0,0],"7":[0,0],"8":[0,0],"9":[0,0],"10":[0,0],"11":[0,0],"12":[0,0],"13":[0,0]},"_coverageSchema":"1a1c01bbd47fc00a2c39e90264f33305004495a9","hash":"3f2573009b8404bee11645dedb70f02b201a47e8"}
,"C:\\Users\\Leo\\Desktop\\Web\\AirTracker\\Server\\src\\classes\\Exporter.js": {"path":"C:\\Users\\Leo\\Desktop\\Web\\AirTracker\\Server\\src\\classes\\Exporter.js","statementMap":{"0":{"start":{"line":1,"column":11},"end":{"line":1,"column":24}},"1":{"start":{"line":5,"column":8},"end":{"line":5,"column":32}},"2":{"start":{"line":6,"column":8},"end":{"line":6,"column":24}},"3":{"start":{"line":8,"column":8},"end":{"line":8,"column":33}},"4":{"start":{"line":9,"column":8},"end":{"line":9,"column":29}},"5":{"start":{"line":10,"column":8},"end":{"line":10,"column":25}},"6":{"start":{"line":11,"column":8},"end":{"line":11,"column":42}},"7":{"start":{"line":12,"column":8},"end":{"line":12,"column":39}},"8":{"start":{"line":16,"column":8},"end":{"line":19,"column":9}},"9":{"start":{"line":17,"column":23},"end":{"line":17,"column":39}},"10":{"start":{"line":18,"column":12},"end":{"line":18,"column":27}},"11":{"start":{"line":23,"column":8},"end":{"line":23,"column":32}},"12":{"start":{"line":27,"column":8},"end":{"line":30,"column":9}},"13":{"start":{"line":28,"column":12},"end":{"line":28,"column":34}},"14":{"start":{"line":29,"column":12},"end":{"line":29,"column":19}},"15":{"start":{"line":32,"column":8},"end":{"line":34,"column":9}},"16":{"start":{"line":33,"column":12},"end":{"line":33,"column":82}},"17":{"start":{"line":37,"column":8},"end":{"line":37,"column":31}},"18":{"start":{"line":38,"column":8},"end":{"line":38,"column":79}},"19":{"start":{"line":42,"column":8},"end":{"line":44,"column":9}},"20":{"start":{"line":50,"column":8},"end":{"line":57,"column":9}},"21":{"start":{"line":51,"column":12},"end":{"line":51,"column":27}},"22":{"start":{"line":54,"column":12},"end":{"line":54,"column":59}},"23":{"start":{"line":55,"column":12},"end":{"line":55,"column":63}},"24":{"start":{"line":55,"column":22},"end":{"line":55,"column":63}},"25":{"start":{"line":56,"column":12},"end":{"line":56,"column":63}},"26":{"start":{"line":61,"column":8},"end":{"line":67,"column":11}},"27":{"start":{"line":62,"column":12},"end":{"line":62,"column":36}},"28":{"start":{"line":63,"column":12},"end":{"line":63,"column":32}},"29":{"start":{"line":64,"column":12},"end":{"line":66,"column":13}},"30":{"start":{"line":65,"column":16},"end":{"line":65,"column":35}},"31":{"start":{"line":71,"column":8},"end":{"line":71,"column":85}},"32":{"start":{"line":75,"column":8},"end":{"line":75,"column":40}},"33":{"start":{"line":76,"column":8},"end":{"line":76,"column":36}},"34":{"start":{"line":80,"column":23},"end":{"line":80,"column":63}},"35":{"start":{"line":81,"column":8},"end":{"line":85,"column":9}},"36":{"start":{"line":82,"column":12},"end":{"line":82,"column":59}},"37":{"start":{"line":84,"column":12},"end":{"line":84,"column":39}},"38":{"start":{"line":91,"column":8},"end":{"line":91,"column":44}},"39":{"start":{"line":95,"column":27},"end":{"line":95,"column":65}},"40":{"start":{"line":96,"column":8},"end":{"line":96,"column":54}},"41":{"start":{"line":100,"column":23},"end":{"line":100,"column":63}},"42":{"start":{"line":101,"column":8},"end":{"line":110,"column":11}},"43":{"start":{"line":103,"column":12},"end":{"line":109,"column":15}},"44":{"start":{"line":104,"column":16},"end":{"line":106,"column":17}},"45":{"start":{"line":105,"column":20},"end":{"line":105,"column":41}},"46":{"start":{"line":108,"column":16},"end":{"line":108,"column":42}}},"fnMap":{"0":{"name":"(anonymous_0)","decl":{"start":{"line":4,"column":4},"end":{"line":4,"column":5}},"loc":{"start":{"line":4,"column":57},"end":{"line":13,"column":5}},"line":4},"1":{"name":"(anonymous_1)","decl":{"start":{"line":15,"column":4},"end":{"line":15,"column":5}},"loc":{"start":{"line":15,"column":18},"end":{"line":20,"column":5}},"line":15},"2":{"name":"(anonymous_2)","decl":{"start":{"line":22,"column":4},"end":{"line":22,"column":5}},"loc":{"start":{"line":22,"column":20},"end":{"line":24,"column":5}},"line":22},"3":{"name":"(anonymous_3)","decl":{"start":{"line":26,"column":4},"end":{"line":26,"column":5}},"loc":{"start":{"line":26,"column":149},"end":{"line":39,"column":5}},"line":26},"4":{"name":"(anonymous_4)","decl":{"start":{"line":41,"column":4},"end":{"line":41,"column":5}},"loc":{"start":{"line":41,"column":21},"end":{"line":45,"column":5}},"line":41},"5":{"name":"(anonymous_5)","decl":{"start":{"line":47,"column":4},"end":{"line":47,"column":5}},"loc":{"start":{"line":47,"column":75},"end":{"line":68,"column":5}},"line":47},"6":{"name":"(anonymous_6)","decl":{"start":{"line":61,"column":55},"end":{"line":61,"column":56}},"loc":{"start":{"line":61,"column":64},"end":{"line":67,"column":9}},"line":61},"7":{"name":"(anonymous_7)","decl":{"start":{"line":70,"column":4},"end":{"line":70,"column":5}},"loc":{"start":{"line":70,"column":32},"end":{"line":72,"column":5}},"line":70},"8":{"name":"(anonymous_8)","decl":{"start":{"line":74,"column":4},"end":{"line":74,"column":5}},"loc":{"start":{"line":74,"column":42},"end":{"line":77,"column":5}},"line":74},"9":{"name":"(anonymous_9)","decl":{"start":{"line":79,"column":4},"end":{"line":79,"column":5}},"loc":{"start":{"line":79,"column":52},"end":{"line":87,"column":5}},"line":79},"10":{"name":"(anonymous_10)","decl":{"start":{"line":89,"column":4},"end":{"line":89,"column":5}},"loc":{"start":{"line":89,"column":37},"end":{"line":92,"column":5}},"line":89},"11":{"name":"(anonymous_11)","decl":{"start":{"line":94,"column":4},"end":{"line":94,"column":5}},"loc":{"start":{"line":94,"column":39},"end":{"line":97,"column":5}},"line":94},"12":{"name":"(anonymous_12)","decl":{"start":{"line":99,"column":4},"end":{"line":99,"column":5}},"loc":{"start":{"line":99,"column":74},"end":{"line":111,"column":5}},"line":99},"13":{"name":"(anonymous_13)","decl":{"start":{"line":101,"column":27},"end":{"line":101,"column":28}},"loc":{"start":{"line":101,"column":40},"end":{"line":110,"column":9}},"line":101},"14":{"name":"(anonymous_14)","decl":{"start":{"line":103,"column":42},"end":{"line":103,"column":43}},"loc":{"start":{"line":103,"column":57},"end":{"line":109,"column":13}},"line":103}},"branchMap":{"0":{"loc":{"start":{"line":4,"column":40},"end":{"line":4,"column":56}},"type":"default-arg","locations":[{"start":{"line":4,"column":54},"end":{"line":4,"column":56}}],"line":4},"1":{"loc":{"start":{"line":16,"column":8},"end":{"line":19,"column":9}},"type":"if","locations":[{"start":{"line":16,"column":8},"end":{"line":19,"column":9}},{"start":{"line":16,"column":8},"end":{"line":19,"column":9}}],"line":16},"2":{"loc":{"start":{"line":16,"column":11},"end":{"line":16,"column":46}},"type":"binary-expr","locations":[{"start":{"line":16,"column":11},"end":{"line":16,"column":21}},{"start":{"line":16,"column":25},"end":{"line":16,"column":46}}],"line":16},"3":{"loc":{"start":{"line":26,"column":9},"end":{"line":26,"column":33}},"type":"default-arg","locations":[{"start":{"line":26,"column":20},"end":{"line":26,"column":33}}],"line":26},"4":{"loc":{"start":{"line":26,"column":35},"end":{"line":26,"column":55}},"type":"default-arg","locations":[{"start":{"line":26,"column":44},"end":{"line":26,"column":55}}],"line":26},"5":{"loc":{"start":{"line":26,"column":57},"end":{"line":26,"column":73}},"type":"default-arg","locations":[{"start":{"line":26,"column":64},"end":{"line":26,"column":73}}],"line":26},"6":{"loc":{"start":{"line":26,"column":75},"end":{"line":26,"column":105}},"type":"default-arg","locations":[{"start":{"line":26,"column":89},"end":{"line":26,"column":105}}],"line":26},"7":{"loc":{"start":{"line":26,"column":113},"end":{"line":26,"column":147}},"type":"default-arg","locations":[{"start":{"line":26,"column":129},"end":{"line":26,"column":147}}],"line":26},"8":{"loc":{"start":{"line":27,"column":8},"end":{"line":30,"column":9}},"type":"if","locations":[{"start":{"line":27,"column":8},"end":{"line":30,"column":9}},{"start":{"line":27,"column":8},"end":{"line":30,"column":9}}],"line":27},"9":{"loc":{"start":{"line":32,"column":8},"end":{"line":34,"column":9}},"type":"if","locations":[{"start":{"line":32,"column":8},"end":{"line":34,"column":9}},{"start":{"line":32,"column":8},"end":{"line":34,"column":9}}],"line":32},"10":{"loc":{"start":{"line":32,"column":11},"end":{"line":32,"column":38}},"type":"binary-expr","locations":[{"start":{"line":32,"column":11},"end":{"line":32,"column":20}},{"start":{"line":32,"column":24},"end":{"line":32,"column":29}},{"start":{"line":32,"column":33},"end":{"line":32,"column":38}}],"line":32},"11":{"loc":{"start":{"line":50,"column":8},"end":{"line":57,"column":9}},"type":"if","locations":[{"start":{"line":50,"column":8},"end":{"line":57,"column":9}},{"start":{"line":50,"column":8},"end":{"line":57,"column":9}}],"line":50},"12":{"loc":{"start":{"line":55,"column":12},"end":{"line":55,"column":63}},"type":"if","locations":[{"start":{"line":55,"column":12},"end":{"line":55,"column":63}},{"start":{"line":55,"column":12},"end":{"line":55,"column":63}}],"line":55},"13":{"loc":{"start":{"line":64,"column":12},"end":{"line":66,"column":13}},"type":"if","locations":[{"start":{"line":64,"column":12},"end":{"line":66,"column":13}},{"start":{"line":64,"column":12},"end":{"line":66,"column":13}}],"line":64},"14":{"loc":{"start":{"line":71,"column":15},"end":{"line":71,"column":84}},"type":"cond-expr","locations":[{"start":{"line":71,"column":53},"end":{"line":71,"column":68}},{"start":{"line":71,"column":71},"end":{"line":71,"column":84}}],"line":71},"15":{"loc":{"start":{"line":99,"column":9},"end":{"line":99,"column":29}},"type":"default-arg","locations":[{"start":{"line":99,"column":18},"end":{"line":99,"column":29}}],"line":99},"16":{"loc":{"start":{"line":99,"column":31},"end":{"line":99,"column":55}},"type":"default-arg","locations":[{"start":{"line":99,"column":42},"end":{"line":99,"column":55}}],"line":99},"17":{"loc":{"start":{"line":99,"column":57},"end":{"line":99,"column":73}},"type":"default-arg","locations":[{"start":{"line":99,"column":64},"end":{"line":99,"column":73}}],"line":99},"18":{"loc":{"start":{"line":104,"column":16},"end":{"line":106,"column":17}},"type":"if","locations":[{"start":{"line":104,"column":16},"end":{"line":106,"column":17}},{"start":{"line":104,"column":16},"end":{"line":106,"column":17}}],"line":104},"19":{"loc":{"start":{"line":104,"column":19},"end":{"line":104,"column":31}},"type":"binary-expr","locations":[{"start":{"line":104,"column":19},"end":{"line":104,"column":22}},{"start":{"line":104,"column":26},"end":{"line":104,"column":31}}],"line":104}},"s":{"0":1,"1":0,"2":0,"3":0,"4":0,"5":0,"6":0,"7":0,"8":0,"9":0,"10":0,"11":0,"12":0,"13":0,"14":0,"15":0,"16":0,"17":0,"18":0,"19":0,"20":0,"21":0,"22":0,"23":0,"24":0,"25":0,"26":0,"27":0,"28":0,"29":0,"30":0,"31":0,"32":0,"33":0,"34":0,"35":0,"36":0,"37":0,"38":0,"39":0,"40":0,"41":0,"42":0,"43":0,"44":0,"45":0,"46":0},"f":{"0":0,"1":0,"2":0,"3":0,"4":0,"5":0,"6":0,"7":0,"8":0,"9":0,"10":0,"11":0,"12":0,"13":0,"14":0},"b":{"0":[0],"1":[0,0],"2":[0,0],"3":[0],"4":[0],"5":[0],"6":[0],"7":[0],"8":[0,0],"9":[0,0],"10":[0,0,0],"11":[0,0],"12":[0,0],"13":[0,0],"14":[0,0],"15":[0],"16":[0],"17":[0],"18":[0,0],"19":[0,0]},"_coverageSchema":"1a1c01bbd47fc00a2c39e90264f33305004495a9","hash":"b43e184d4e94c661600997c71e6adadf0027c280"}
,"C:\\Users\\Leo\\Desktop\\Web\\AirTracker\\Server\\src\\database\\models\\Airport.js": {"path":"C:\\Users\\Leo\\Desktop\\Web\\AirTracker\\Server\\src\\database\\models\\Airport.js","statementMap":{"0":{"start":{"line":3,"column":17},"end":{"line":3,"column":36}},"1":{"start":{"line":6,"column":22},"end":{"line":24,"column":2}},"2":{"start":{"line":26,"column":23},"end":{"line":26,"column":63}}},"fnMap":{},"branchMap":{},"s":{"0":1,"1":1,"2":1},"f":{},"b":{},"_coverageSchema":"1a1c01bbd47fc00a2c39e90264f33305004495a9","hash":"ce36fbb40d2905639901e585a09cc196e156b12f"}
,"C:\\Users\\Leo\\Desktop\\Web\\AirTracker\\Server\\src\\database\\models\\Tracker.js": {"path":"C:\\Users\\Leo\\Desktop\\Web\\AirTracker\\Server\\src\\database\\models\\Tracker.js","statementMap":{"0":{"start":{"line":1,"column":17},"end":{"line":1,"column":36}},"1":{"start":{"line":4,"column":22},"end":{"line":48,"column":2}},"2":{"start":{"line":19,"column":29},"end":{"line":19,"column":55}},"3":{"start":{"line":23,"column":29},"end":{"line":23,"column":55}},"4":{"start":{"line":39,"column":29},"end":{"line":39,"column":69}},"5":{"start":{"line":43,"column":29},"end":{"line":43,"column":72}},"6":{"start":{"line":50,"column":23},"end":{"line":50,"column":63}}},"fnMap":{"0":{"name":"(anonymous_0)","decl":{"start":{"line":19,"column":18},"end":{"line":19,"column":19}},"loc":{"start":{"line":19,"column":28},"end":{"line":19,"column":56}},"line":19},"1":{"name":"(anonymous_1)","decl":{"start":{"line":23,"column":18},"end":{"line":23,"column":19}},"loc":{"start":{"line":23,"column":28},"end":{"line":23,"column":56}},"line":23},"2":{"name":"(anonymous_2)","decl":{"start":{"line":39,"column":18},"end":{"line":39,"column":19}},"loc":{"start":{"line":39,"column":28},"end":{"line":39,"column":70}},"line":39},"3":{"name":"(anonymous_3)","decl":{"start":{"line":43,"column":18},"end":{"line":43,"column":19}},"loc":{"start":{"line":43,"column":28},"end":{"line":43,"column":73}},"line":43}},"branchMap":{"0":{"loc":{"start":{"line":39,"column":36},"end":{"line":39,"column":69}},"type":"binary-expr","locations":[{"start":{"line":39,"column":36},"end":{"line":39,"column":53}},{"start":{"line":39,"column":57},"end":{"line":39,"column":69}}],"line":39},"1":{"loc":{"start":{"line":43,"column":36},"end":{"line":43,"column":72}},"type":"binary-expr","locations":[{"start":{"line":43,"column":36},"end":{"line":43,"column":53}},{"start":{"line":43,"column":57},"end":{"line":43,"column":72}}],"line":43}},"s":{"0":1,"1":1,"2":0,"3":0,"4":0,"5":0,"6":1},"f":{"0":0,"1":0,"2":0,"3":0},"b":{"0":[0,0],"1":[0,0]},"_coverageSchema":"1a1c01bbd47fc00a2c39e90264f33305004495a9","hash":"4cd9fce3d990d3f906289e1b85ab170b24a8c480"}
,"C:\\Users\\Leo\\Desktop\\Web\\AirTracker\\Server\\src\\services\\constants\\index.js": {"path":"C:\\Users\\Leo\\Desktop\\Web\\AirTracker\\Server\\src\\services\\constants\\index.js","statementMap":{"0":{"start":{"line":1,"column":42},"end":{"line":12,"column":1}},"1":{"start":{"line":14,"column":27},"end":{"line":14,"column":28}},"2":{"start":{"line":15,"column":36},"end":{"line":18,"column":1}},"3":{"start":{"line":19,"column":28},"end":{"line":19,"column":32}},"4":{"start":{"line":20,"column":29},"end":{"line":20,"column":81}},"5":{"start":{"line":22,"column":27},"end":{"line":26,"column":1}}},"fnMap":{},"branchMap":{},"s":{"0":1,"1":1,"2":1,"3":1,"4":1,"5":1},"f":{},"b":{},"_coverageSchema":"1a1c01bbd47fc00a2c39e90264f33305004495a9","hash":"d4b22d313976d8ff6a2f032dc29268becb7d9808"}
,"C:\\Users\\Leo\\Desktop\\Web\\AirTracker\\Server\\src\\services\\data\\airport.js": {"path":"C:\\Users\\Leo\\Desktop\\Web\\AirTracker\\Server\\src\\services\\data\\airport.js","statementMap":{"0":{"start":{"line":15,"column":37},"end":{"line":30,"column":1}},"1":{"start":{"line":16,"column":1},"end":{"line":29,"column":25}},"2":{"start":{"line":32,"column":31},"end":{"line":43,"column":1}},"3":{"start":{"line":34,"column":4},"end":{"line":37,"column":5}},"4":{"start":{"line":35,"column":21},"end":{"line":35,"column":55}},"5":{"start":{"line":36,"column":8},"end":{"line":36,"column":84}},"6":{"start":{"line":39,"column":4},"end":{"line":42,"column":30}},"7":{"start":{"line":40,"column":21},"end":{"line":40,"column":55}},"8":{"start":{"line":41,"column":21},"end":{"line":41,"column":152}},"9":{"start":{"line":53,"column":4},"end":{"line":53,"column":31}},"10":{"start":{"line":56,"column":36},"end":{"line":82,"column":1}},"11":{"start":{"line":59,"column":4},"end":{"line":81,"column":7}},"12":{"start":{"line":60,"column":20},"end":{"line":65,"column":10}},"13":{"start":{"line":67,"column":23},"end":{"line":67,"column":50}},"14":{"start":{"line":69,"column":8},"end":{"line":69,"column":28}},"15":{"start":{"line":71,"column":8},"end":{"line":71,"column":36}},"16":{"start":{"line":72,"column":18},"end":{"line":78,"column":40}},"17":{"start":{"line":77,"column":28},"end":{"line":77,"column":89}},"18":{"start":{"line":78,"column":21},"end":{"line":78,"column":38}},"19":{"start":{"line":79,"column":8},"end":{"line":79,"column":39}},"20":{"start":{"line":80,"column":8},"end":{"line":80,"column":37}},"21":{"start":{"line":84,"column":34},"end":{"line":86,"column":1}},"22":{"start":{"line":85,"column":4},"end":{"line":85,"column":39}},"23":{"start":{"line":93,"column":41},"end":{"line":101,"column":1}},"24":{"start":{"line":94,"column":4},"end":{"line":94,"column":27}},"25":{"start":{"line":95,"column":4},"end":{"line":100,"column":22}},"26":{"start":{"line":103,"column":27},"end":{"line":103,"column":46}}},"fnMap":{"0":{"name":"(anonymous_0)","decl":{"start":{"line":15,"column":37},"end":{"line":15,"column":38}},"loc":{"start":{"line":15,"column":94},"end":{"line":30,"column":1}},"line":15},"1":{"name":"(anonymous_1)","decl":{"start":{"line":32,"column":31},"end":{"line":32,"column":32}},"loc":{"start":{"line":32,"column":96},"end":{"line":43,"column":1}},"line":32},"2":{"name":"(anonymous_2)","decl":{"start":{"line":40,"column":9},"end":{"line":40,"column":10}},"loc":{"start":{"line":40,"column":21},"end":{"line":40,"column":55}},"line":40},"3":{"name":"(anonymous_3)","decl":{"start":{"line":41,"column":10},"end":{"line":41,"column":11}},"loc":{"start":{"line":41,"column":21},"end":{"line":41,"column":152}},"line":41},"4":{"name":"initializeAirportSearch","decl":{"start":{"line":45,"column":16},"end":{"line":45,"column":39}},"loc":{"start":{"line":45,"column":41},"end":{"line":54,"column":1}},"line":45},"5":{"name":"(anonymous_5)","decl":{"start":{"line":56,"column":36},"end":{"line":56,"column":37}},"loc":{"start":{"line":56,"column":63},"end":{"line":82,"column":1}},"line":56},"6":{"name":"(anonymous_6)","decl":{"start":{"line":59,"column":23},"end":{"line":59,"column":24}},"loc":{"start":{"line":59,"column":42},"end":{"line":81,"column":5}},"line":59},"7":{"name":"(anonymous_7)","decl":{"start":{"line":77,"column":18},"end":{"line":77,"column":19}},"loc":{"start":{"line":77,"column":28},"end":{"line":77,"column":89}},"line":77},"8":{"name":"(anonymous_8)","decl":{"start":{"line":78,"column":15},"end":{"line":78,"column":16}},"loc":{"start":{"line":78,"column":21},"end":{"line":78,"column":38}},"line":78},"9":{"name":"(anonymous_9)","decl":{"start":{"line":84,"column":34},"end":{"line":84,"column":35}},"loc":{"start":{"line":84,"column":52},"end":{"line":86,"column":1}},"line":84},"10":{"name":"(anonymous_10)","decl":{"start":{"line":93,"column":41},"end":{"line":93,"column":42}},"loc":{"start":{"line":93,"column":77},"end":{"line":101,"column":1}},"line":93}},"branchMap":{"0":{"loc":{"start":{"line":34,"column":4},"end":{"line":37,"column":5}},"type":"if","locations":[{"start":{"line":34,"column":4},"end":{"line":37,"column":5}},{"start":{"line":34,"column":4},"end":{"line":37,"column":5}}],"line":34},"1":{"loc":{"start":{"line":56,"column":49},"end":{"line":56,"column":58}},"type":"default-arg","locations":[{"start":{"line":56,"column":57},"end":{"line":56,"column":58}}],"line":56},"2":{"loc":{"start":{"line":93,"column":60},"end":{"line":93,"column":72}},"type":"default-arg","locations":[{"start":{"line":93,"column":71},"end":{"line":93,"column":72}}],"line":93}},"s":{"0":1,"1":0,"2":1,"3":0,"4":0,"5":0,"6":0,"7":0,"8":0,"9":0,"10":1,"11":0,"12":0,"13":0,"14":0,"15":0,"16":0,"17":0,"18":0,"19":0,"20":0,"21":1,"22":0,"23":1,"24":0,"25":0,"26":1},"f":{"0":0,"1":0,"2":0,"3":0,"4":0,"5":0,"6":0,"7":0,"8":0,"9":0,"10":0},"b":{"0":[0,0],"1":[0],"2":[0]},"_coverageSchema":"1a1c01bbd47fc00a2c39e90264f33305004495a9","hash":"01524e6389769e85c76e3f9ed05e1d4dd499b18c"}
,"C:\\Users\\Leo\\Desktop\\Web\\AirTracker\\Server\\src\\services\\data\\tracker.js": {"path":"C:\\Users\\Leo\\Desktop\\Web\\AirTracker\\Server\\src\\services\\data\\tracker.js","statementMap":{"0":{"start":{"line":4,"column":28},"end":{"line":6,"column":1}},"1":{"start":{"line":5,"column":1},"end":{"line":5,"column":37}},"2":{"start":{"line":8,"column":30},"end":{"line":12,"column":1}},"3":{"start":{"line":9,"column":4},"end":{"line":11,"column":7}},"4":{"start":{"line":14,"column":33},"end":{"line":17,"column":1}},"5":{"start":{"line":15,"column":19},"end":{"line":15,"column":41}},"6":{"start":{"line":16,"column":4},"end":{"line":16,"column":36}},"7":{"start":{"line":16,"column":29},"end":{"line":16,"column":34}},"8":{"start":{"line":19,"column":44},"end":{"line":40,"column":1}},"9":{"start":{"line":20,"column":11},"end":{"line":38,"column":3}},"10":{"start":{"line":39,"column":1},"end":{"line":39,"column":45}},"11":{"start":{"line":42,"column":39},"end":{"line":61,"column":1}},"12":{"start":{"line":43,"column":4},"end":{"line":60,"column":8}},"13":{"start":{"line":63,"column":37},"end":{"line":72,"column":1}},"14":{"start":{"line":64,"column":18},"end":{"line":69,"column":5}},"15":{"start":{"line":71,"column":4},"end":{"line":71,"column":19}},"16":{"start":{"line":74,"column":35},"end":{"line":100,"column":1}},"17":{"start":{"line":75,"column":24},"end":{"line":85,"column":5}},"18":{"start":{"line":76,"column":24},"end":{"line":76,"column":41}},"19":{"start":{"line":77,"column":20},"end":{"line":77,"column":27}},"20":{"start":{"line":79,"column":8},"end":{"line":82,"column":9}},"21":{"start":{"line":80,"column":12},"end":{"line":80,"column":45}},"22":{"start":{"line":81,"column":12},"end":{"line":81,"column":34}},"23":{"start":{"line":84,"column":8},"end":{"line":84,"column":25}},"24":{"start":{"line":87,"column":18},"end":{"line":97,"column":5}},"25":{"start":{"line":99,"column":4},"end":{"line":99,"column":19}}},"fnMap":{"0":{"name":"(anonymous_0)","decl":{"start":{"line":4,"column":28},"end":{"line":4,"column":29}},"loc":{"start":{"line":4,"column":48},"end":{"line":6,"column":1}},"line":4},"1":{"name":"(anonymous_1)","decl":{"start":{"line":8,"column":30},"end":{"line":8,"column":31}},"loc":{"start":{"line":8,"column":50},"end":{"line":12,"column":1}},"line":8},"2":{"name":"(anonymous_2)","decl":{"start":{"line":14,"column":33},"end":{"line":14,"column":34}},"loc":{"start":{"line":14,"column":45},"end":{"line":17,"column":1}},"line":14},"3":{"name":"(anonymous_3)","decl":{"start":{"line":16,"column":24},"end":{"line":16,"column":25}},"loc":{"start":{"line":16,"column":29},"end":{"line":16,"column":34}},"line":16},"4":{"name":"(anonymous_4)","decl":{"start":{"line":19,"column":44},"end":{"line":19,"column":45}},"loc":{"start":{"line":19,"column":55},"end":{"line":40,"column":1}},"line":19},"5":{"name":"(anonymous_5)","decl":{"start":{"line":42,"column":39},"end":{"line":42,"column":40}},"loc":{"start":{"line":42,"column":57},"end":{"line":61,"column":1}},"line":42},"6":{"name":"(anonymous_6)","decl":{"start":{"line":63,"column":37},"end":{"line":63,"column":38}},"loc":{"start":{"line":63,"column":45},"end":{"line":72,"column":1}},"line":63},"7":{"name":"(anonymous_7)","decl":{"start":{"line":74,"column":35},"end":{"line":74,"column":36}},"loc":{"start":{"line":74,"column":62},"end":{"line":100,"column":1}},"line":74},"8":{"name":"(anonymous_8)","decl":{"start":{"line":75,"column":24},"end":{"line":75,"column":25}},"loc":{"start":{"line":75,"column":46},"end":{"line":85,"column":5}},"line":75}},"branchMap":{"0":{"loc":{"start":{"line":8,"column":31},"end":{"line":8,"column":45}},"type":"default-arg","locations":[{"start":{"line":8,"column":44},"end":{"line":8,"column":45}}],"line":8},"1":{"loc":{"start":{"line":39,"column":8},"end":{"line":39,"column":44}},"type":"cond-expr","locations":[{"start":{"line":39,"column":25},"end":{"line":39,"column":37}},{"start":{"line":39,"column":40},"end":{"line":39,"column":44}}],"line":39},"2":{"loc":{"start":{"line":66,"column":21},"end":{"line":66,"column":65}},"type":"binary-expr","locations":[{"start":{"line":66,"column":21},"end":{"line":66,"column":35}},{"start":{"line":66,"column":39},"end":{"line":66,"column":65}}],"line":66}},"s":{"0":1,"1":0,"2":1,"3":0,"4":1,"5":0,"6":0,"7":0,"8":1,"9":0,"10":0,"11":1,"12":0,"13":1,"14":0,"15":0,"16":1,"17":0,"18":0,"19":0,"20":0,"21":0,"22":0,"23":0,"24":0,"25":0},"f":{"0":0,"1":0,"2":0,"3":0,"4":0,"5":0,"6":0,"7":0,"8":0},"b":{"0":[0],"1":[0,0],"2":[0,0]},"_coverageSchema":"1a1c01bbd47fc00a2c39e90264f33305004495a9","hash":"39a92a1584723cc182f5012461cff27b09a41468"}
,"C:\\Users\\Leo\\Desktop\\Web\\AirTracker\\Server\\src\\services\\helpers\\geo.js": {"path":"C:\\Users\\Leo\\Desktop\\Web\\AirTracker\\Server\\src\\services\\helpers\\geo.js","statementMap":{"0":{"start":{"line":6,"column":34},"end":{"line":17,"column":1}},"1":{"start":{"line":7,"column":9},"end":{"line":7,"column":21}},"2":{"start":{"line":8,"column":12},"end":{"line":8,"column":30}},"3":{"start":{"line":9,"column":12},"end":{"line":9,"column":30}},"4":{"start":{"line":11,"column":2},"end":{"line":13,"column":37}},"5":{"start":{"line":14,"column":9},"end":{"line":14,"column":53}},"6":{"start":{"line":15,"column":9},"end":{"line":15,"column":14}},"7":{"start":{"line":16,"column":1},"end":{"line":16,"column":10}},"8":{"start":{"line":20,"column":1},"end":{"line":20,"column":27}},"9":{"start":{"line":23,"column":42},"end":{"line":54,"column":1}},"10":{"start":{"line":24,"column":17},"end":{"line":24,"column":19}},"11":{"start":{"line":26,"column":16},"end":{"line":26,"column":40}},"12":{"start":{"line":27,"column":20},"end":{"line":27,"column":29}},"13":{"start":{"line":28,"column":1},"end":{"line":38,"column":2}},"14":{"start":{"line":28,"column":13},"end":{"line":28,"column":14}},"15":{"start":{"line":29,"column":2},"end":{"line":29,"column":83}},"16":{"start":{"line":30,"column":25},"end":{"line":30,"column":58}},"17":{"start":{"line":32,"column":2},"end":{"line":36,"column":3}},"18":{"start":{"line":32,"column":14},"end":{"line":32,"column":15}},"19":{"start":{"line":33,"column":3},"end":{"line":35,"column":4}},"20":{"start":{"line":34,"column":4},"end":{"line":34,"column":76}},"21":{"start":{"line":37,"column":2},"end":{"line":37,"column":48}},"22":{"start":{"line":37,"column":42},"end":{"line":37,"column":48}},"23":{"start":{"line":40,"column":1},"end":{"line":40,"column":40}},"24":{"start":{"line":42,"column":1},"end":{"line":51,"column":4}},"25":{"start":{"line":43,"column":19},"end":{"line":43,"column":83}},"26":{"start":{"line":44,"column":19},"end":{"line":44,"column":79}},"27":{"start":{"line":45,"column":15},"end":{"line":45,"column":36}},"28":{"start":{"line":47,"column":19},"end":{"line":47,"column":83}},"29":{"start":{"line":48,"column":19},"end":{"line":48,"column":79}},"30":{"start":{"line":49,"column":15},"end":{"line":49,"column":36}},"31":{"start":{"line":50,"column":2},"end":{"line":50,"column":25}},"32":{"start":{"line":53,"column":1},"end":{"line":53,"column":18}},"33":{"start":{"line":57,"column":35},"end":{"line":72,"column":1}},"34":{"start":{"line":58,"column":1},"end":{"line":71,"column":3}},"35":{"start":{"line":60,"column":18},"end":{"line":60,"column":54}},"36":{"start":{"line":64,"column":18},"end":{"line":64,"column":93}},"37":{"start":{"line":65,"column":22},"end":{"line":65,"column":52}},"38":{"start":{"line":65,"column":41},"end":{"line":65,"column":51}},"39":{"start":{"line":68,"column":18},"end":{"line":68,"column":81}},"40":{"start":{"line":70,"column":2},"end":{"line":70,"column":46}},"41":{"start":{"line":74,"column":34},"end":{"line":82,"column":1}},"42":{"start":{"line":75,"column":1},"end":{"line":81,"column":4}},"43":{"start":{"line":76,"column":18},"end":{"line":76,"column":94}},"44":{"start":{"line":77,"column":2},"end":{"line":77,"column":50}},"45":{"start":{"line":77,"column":29},"end":{"line":77,"column":50}},"46":{"start":{"line":78,"column":17},"end":{"line":78,"column":29}},"47":{"start":{"line":79,"column":2},"end":{"line":79,"column":101}},"48":{"start":{"line":80,"column":2},"end":{"line":80,"column":20}},"49":{"start":{"line":88,"column":33},"end":{"line":116,"column":1}},"50":{"start":{"line":89,"column":31},"end":{"line":89,"column":41}},"51":{"start":{"line":90,"column":22},"end":{"line":90,"column":26}},"52":{"start":{"line":93,"column":1},"end":{"line":113,"column":2}},"53":{"start":{"line":95,"column":15},"end":{"line":95,"column":110}},"54":{"start":{"line":96,"column":14},"end":{"line":99,"column":4}},"55":{"start":{"line":101,"column":22},"end":{"line":101,"column":61}},"56":{"start":{"line":103,"column":2},"end":{"line":110,"column":5}},"57":{"start":{"line":105,"column":3},"end":{"line":105,"column":91}},"58":{"start":{"line":107,"column":3},"end":{"line":109,"column":4}},"59":{"start":{"line":108,"column":4},"end":{"line":108,"column":65}},"60":{"start":{"line":112,"column":2},"end":{"line":112,"column":31}},"61":{"start":{"line":115,"column":1},"end":{"line":115,"column":23}}},"fnMap":{"0":{"name":"(anonymous_0)","decl":{"start":{"line":6,"column":34},"end":{"line":6,"column":35}},"loc":{"start":{"line":6,"column":62},"end":{"line":17,"column":1}},"line":6},"1":{"name":"deg2rad","decl":{"start":{"line":19,"column":9},"end":{"line":19,"column":16}},"loc":{"start":{"line":19,"column":22},"end":{"line":21,"column":1}},"line":19},"2":{"name":"(anonymous_2)","decl":{"start":{"line":23,"column":42},"end":{"line":23,"column":43}},"loc":{"start":{"line":23,"column":76},"end":{"line":54,"column":1}},"line":23},"3":{"name":"(anonymous_3)","decl":{"start":{"line":42,"column":16},"end":{"line":42,"column":17}},"loc":{"start":{"line":42,"column":26},"end":{"line":51,"column":2}},"line":42},"4":{"name":"(anonymous_4)","decl":{"start":{"line":57,"column":35},"end":{"line":57,"column":36}},"loc":{"start":{"line":57,"column":103},"end":{"line":72,"column":1}},"line":57},"5":{"name":"(anonymous_5)","decl":{"start":{"line":58,"column":20},"end":{"line":58,"column":21}},"loc":{"start":{"line":58,"column":39},"end":{"line":71,"column":2}},"line":58},"6":{"name":"(anonymous_6)","decl":{"start":{"line":65,"column":36},"end":{"line":65,"column":37}},"loc":{"start":{"line":65,"column":41},"end":{"line":65,"column":51}},"line":65},"7":{"name":"(anonymous_7)","decl":{"start":{"line":74,"column":34},"end":{"line":74,"column":35}},"loc":{"start":{"line":74,"column":61},"end":{"line":82,"column":1}},"line":74},"8":{"name":"(anonymous_8)","decl":{"start":{"line":75,"column":20},"end":{"line":75,"column":21}},"loc":{"start":{"line":75,"column":39},"end":{"line":81,"column":2}},"line":75},"9":{"name":"(anonymous_9)","decl":{"start":{"line":88,"column":33},"end":{"line":88,"column":34}},"loc":{"start":{"line":88,"column":55},"end":{"line":116,"column":1}},"line":88},"10":{"name":"(anonymous_10)","decl":{"start":{"line":103,"column":22},"end":{"line":103,"column":23}},"loc":{"start":{"line":103,"column":35},"end":{"line":110,"column":3}},"line":103}},"branchMap":{"0":{"loc":{"start":{"line":33,"column":3},"end":{"line":35,"column":4}},"type":"if","locations":[{"start":{"line":33,"column":3},"end":{"line":35,"column":4}},{"start":{"line":33,"column":3},"end":{"line":35,"column":4}}],"line":33},"1":{"loc":{"start":{"line":37,"column":2},"end":{"line":37,"column":48}},"type":"if","locations":[{"start":{"line":37,"column":2},"end":{"line":37,"column":48}},{"start":{"line":37,"column":2},"end":{"line":37,"column":48}}],"line":37},"2":{"loc":{"start":{"line":43,"column":19},"end":{"line":43,"column":83}},"type":"cond-expr","locations":[{"start":{"line":43,"column":53},"end":{"line":43,"column":77}},{"start":{"line":43,"column":80},"end":{"line":43,"column":83}}],"line":43},"3":{"loc":{"start":{"line":44,"column":19},"end":{"line":44,"column":79}},"type":"cond-expr","locations":[{"start":{"line":44,"column":51},"end":{"line":44,"column":73}},{"start":{"line":44,"column":76},"end":{"line":44,"column":79}}],"line":44},"4":{"loc":{"start":{"line":47,"column":19},"end":{"line":47,"column":83}},"type":"cond-expr","locations":[{"start":{"line":47,"column":53},"end":{"line":47,"column":77}},{"start":{"line":47,"column":80},"end":{"line":47,"column":83}}],"line":47},"5":{"loc":{"start":{"line":48,"column":19},"end":{"line":48,"column":79}},"type":"cond-expr","locations":[{"start":{"line":48,"column":51},"end":{"line":48,"column":73}},{"start":{"line":48,"column":76},"end":{"line":48,"column":79}}],"line":48},"6":{"loc":{"start":{"line":57,"column":70},"end":{"line":57,"column":98}},"type":"default-arg","locations":[{"start":{"line":57,"column":87},"end":{"line":57,"column":98}}],"line":57},"7":{"loc":{"start":{"line":77,"column":2},"end":{"line":77,"column":50}},"type":"if","locations":[{"start":{"line":77,"column":2},"end":{"line":77,"column":50}},{"start":{"line":77,"column":2},"end":{"line":77,"column":50}}],"line":77},"8":{"loc":{"start":{"line":107,"column":3},"end":{"line":109,"column":4}},"type":"if","locations":[{"start":{"line":107,"column":3},"end":{"line":109,"column":4}},{"start":{"line":107,"column":3},"end":{"line":109,"column":4}}],"line":107},"9":{"loc":{"start":{"line":107,"column":6},"end":{"line":107,"column":59}},"type":"binary-expr","locations":[{"start":{"line":107,"column":6},"end":{"line":107,"column":21}},{"start":{"line":107,"column":25},"end":{"line":107,"column":59}}],"line":107}},"s":{"0":1,"1":2,"2":2,"3":2,"4":2,"5":2,"6":2,"7":2,"8":8,"9":1,"10":0,"11":0,"12":0,"13":0,"14":0,"15":0,"16":0,"17":0,"18":0,"19":0,"20":0,"21":0,"22":0,"23":0,"24":0,"25":0,"26":0,"27":0,"28":0,"29":0,"30":0,"31":0,"32":0,"33":1,"34":0,"35":0,"36":0,"37":0,"38":0,"39":0,"40":0,"41":1,"42":0,"43":0,"44":0,"45":0,"46":0,"47":0,"48":0,"49":1,"50":0,"51":0,"52":0,"53":0,"54":0,"55":0,"56":0,"57":0,"58":0,"59":0,"60":0,"61":0},"f":{"0":2,"1":8,"2":0,"3":0,"4":0,"5":0,"6":0,"7":0,"8":0,"9":0,"10":0},"b":{"0":[0,0],"1":[0,0],"2":[0,0],"3":[0,0],"4":[0,0],"5":[0,0],"6":[0],"7":[0,0],"8":[0,0],"9":[0,0]},"_coverageSchema":"1a1c01bbd47fc00a2c39e90264f33305004495a9","hash":"8a66a036a0c55496ffe835e11c87b8c0c38d2895"}
}
